[2020-03-11 05:10:09] production.ERROR: No application encryption key has been specified. {"exception":"[object] (RuntimeException(code: 0): No application encryption key has been specified. at C:\\xampp\\htdocs\\psboPendaftaran\\vendor\\laravel\\framework\\src\\Illuminate\\Encryption\\EncryptionServiceProvider.php:44)
[stacktrace]
#0 C:\\xampp\\htdocs\\psboPendaftaran\\vendor\\laravel\\framework\\src\\Illuminate\\Support\\helpers.php(422): Illuminate\\Encryption\\EncryptionServiceProvider->Illuminate\\Encryption\\{closure}(NULL)
#1 C:\\xampp\\htdocs\\psboPendaftaran\\vendor\\laravel\\framework\\src\\Illuminate\\Encryption\\EncryptionServiceProvider.php(48): tap(NULL, Object(Closure))
#2 C:\\xampp\\htdocs\\psboPendaftaran\\vendor\\laravel\\framework\\src\\Illuminate\\Encryption\\EncryptionServiceProvider.php(24): Illuminate\\Encryption\\EncryptionServiceProvider->key(Array)
#3 C:\\xampp\\htdocs\\psboPendaftaran\\vendor\\laravel\\framework\\src\\Illuminate\\Container\\Container.php(799): Illuminate\\Encryption\\EncryptionServiceProvider->Illuminate\\Encryption\\{closure}(Object(Illuminate\\Foundation\\Application), Array)
#4 C:\\xampp\\htdocs\\psboPendaftaran\\vendor\\laravel\\framework\\src\\Illuminate\\Container\\Container.php(681): Illuminate\\Container\\Container->build(Object(Closure))
#5 C:\\xampp\\htdocs\\psboPendaftaran\\vendor\\laravel\\framework\\src\\Illuminate\\Foundation\\Application.php(785): Illuminate\\Container\\Container->resolve('encrypter', Array, true)
#6 C:\\xampp\\htdocs\\psboPendaftaran\\vendor\\laravel\\framework\\src\\Illuminate\\Container\\Container.php(629): Illuminate\\Foundation\\Application->resolve('encrypter', Array)
#7 C:\\xampp\\htdocs\\psboPendaftaran\\vendor\\laravel\\framework\\src\\Illuminate\\Foundation\\Application.php(770): Illuminate\\Container\\Container->make('encrypter', Array)
#8 C:\\xampp\\htdocs\\psboPendaftaran\\vendor\\laravel\\framework\\src\\Illuminate\\Container\\Container.php(945): Illuminate\\Foundation\\Application->make('encrypter')
#9 C:\\xampp\\htdocs\\psboPendaftaran\\vendor\\laravel\\framework\\src\\Illuminate\\Container\\Container.php(873): Illuminate\\Container\\Container->resolveClass(Object(ReflectionParameter))
#10 C:\\xampp\\htdocs\\psboPendaftaran\\vendor\\laravel\\framework\\src\\Illuminate\\Container\\Container.php(834): Illuminate\\Container\\Container->resolveDependencies(Array)
#11 C:\\xampp\\htdocs\\psboPendaftaran\\vendor\\laravel\\framework\\src\\Illuminate\\Container\\Container.php(681): Illuminate\\Container\\Container->build('App\\\\Http\\\\Middle...')
#12 C:\\xampp\\htdocs\\psboPendaftaran\\vendor\\laravel\\framework\\src\\Illuminate\\Foundation\\Application.php(785): Illuminate\\Container\\Container->resolve('App\\\\Http\\\\Middle...', Array, true)
#13 C:\\xampp\\htdocs\\psboPendaftaran\\vendor\\laravel\\framework\\src\\Illuminate\\Container\\Container.php(629): Illuminate\\Foundation\\Application->resolve('App\\\\Http\\\\Middle...', Array)
#14 C:\\xampp\\htdocs\\psboPendaftaran\\vendor\\laravel\\framework\\src\\Illuminate\\Foundation\\Application.php(770): Illuminate\\Container\\Container->make('App\\\\Http\\\\Middle...', Array)
#15 C:\\xampp\\htdocs\\psboPendaftaran\\vendor\\laravel\\framework\\src\\Illuminate\\Pipeline\\Pipeline.php(160): Illuminate\\Foundation\\Application->make('App\\\\Http\\\\Middle...')
#16 C:\\xampp\\htdocs\\psboPendaftaran\\vendor\\laravel\\framework\\src\\Illuminate\\Pipeline\\Pipeline.php(105): Illuminate\\Pipeline\\Pipeline->Illuminate\\Pipeline\\{closure}(Object(Illuminate\\Http\\Request))
#17 C:\\xampp\\htdocs\\psboPendaftaran\\vendor\\laravel\\framework\\src\\Illuminate\\Routing\\Router.php(683): Illuminate\\Pipeline\\Pipeline->then(Object(Closure))
#18 C:\\xampp\\htdocs\\psboPendaftaran\\vendor\\laravel\\framework\\src\\Illuminate\\Routing\\Router.php(658): Illuminate\\Routing\\Router->runRouteWithinStack(Object(Illuminate\\Routing\\Route), Object(Illuminate\\Http\\Request))
#19 C:\\xampp\\htdocs\\psboPendaftaran\\vendor\\laravel\\framework\\src\\Illuminate\\Routing\\Router.php(624): Illuminate\\Routing\\Router->runRoute(Object(Illuminate\\Http\\Request), Object(Illuminate\\Routing\\Route))
#20 C:\\xampp\\htdocs\\psboPendaftaran\\vendor\\laravel\\framework\\src\\Illuminate\\Routing\\Router.php(613): Illuminate\\Routing\\Router->dispatchToRoute(Object(Illuminate\\Http\\Request))
#21 C:\\xampp\\htdocs\\psboPendaftaran\\vendor\\laravel\\framework\\src\\Illuminate\\Foundation\\Http\\Kernel.php(170): Illuminate\\Routing\\Router->dispatch(Object(Illuminate\\Http\\Request))
#22 C:\\xampp\\htdocs\\psboPendaftaran\\vendor\\laravel\\framework\\src\\Illuminate\\Pipeline\\Pipeline.php(130): Illuminate\\Foundation\\Http\\Kernel->Illuminate\\Foundation\\Http\\{closure}(Object(Illuminate\\Http\\Request))
#23 C:\\xampp\\htdocs\\psboPendaftaran\\vendor\\laravel\\framework\\src\\Illuminate\\Foundation\\Http\\Middleware\\TransformsRequest.php(21): Illuminate\\Pipeline\\Pipeline->Illuminate\\Pipeline\\{closure}(Object(Illuminate\\Http\\Request))
#24 C:\\xampp\\htdocs\\psboPendaftaran\\vendor\\laravel\\framework\\src\\Illuminate\\Pipeline\\Pipeline.php(171): Illuminate\\Foundation\\Http\\Middleware\\TransformsRequest->handle(Object(Illuminate\\Http\\Request), Object(Closure))
#25 C:\\xampp\\htdocs\\psboPendaftaran\\vendor\\laravel\\framework\\src\\Illuminate\\Foundation\\Http\\Middleware\\TransformsRequest.php(21): Illuminate\\Pipeline\\Pipeline->Illuminate\\Pipeline\\{closure}(Object(Illuminate\\Http\\Request))
#26 C:\\xampp\\htdocs\\psboPendaftaran\\vendor\\laravel\\framework\\src\\Illuminate\\Pipeline\\Pipeline.php(171): Illuminate\\Foundation\\Http\\Middleware\\TransformsRequest->handle(Object(Illuminate\\Http\\Request), Object(Closure))
#27 C:\\xampp\\htdocs\\psboPendaftaran\\vendor\\laravel\\framework\\src\\Illuminate\\Foundation\\Http\\Middleware\\ValidatePostSize.php(27): Illuminate\\Pipeline\\Pipeline->Illuminate\\Pipeline\\{closure}(Object(Illuminate\\Http\\Request))
#28 C:\\xampp\\htdocs\\psboPendaftaran\\vendor\\laravel\\framework\\src\\Illuminate\\Pipeline\\Pipeline.php(171): Illuminate\\Foundation\\Http\\Middleware\\ValidatePostSize->handle(Object(Illuminate\\Http\\Request), Object(Closure))
#29 C:\\xampp\\htdocs\\psboPendaftaran\\vendor\\laravel\\framework\\src\\Illuminate\\Foundation\\Http\\Middleware\\CheckForMaintenanceMode.php(63): Illuminate\\Pipeline\\Pipeline->Illuminate\\Pipeline\\{closure}(Object(Illuminate\\Http\\Request))
#30 C:\\xampp\\htdocs\\psboPendaftaran\\vendor\\laravel\\framework\\src\\Illuminate\\Pipeline\\Pipeline.php(171): Illuminate\\Foundation\\Http\\Middleware\\CheckForMaintenanceMode->handle(Object(Illuminate\\Http\\Request), Object(Closure))
#31 C:\\xampp\\htdocs\\psboPendaftaran\\vendor\\fideloper\\proxy\\src\\TrustProxies.php(57): Illuminate\\Pipeline\\Pipeline->Illuminate\\Pipeline\\{closure}(Object(Illuminate\\Http\\Request))
#32 C:\\xampp\\htdocs\\psboPendaftaran\\vendor\\laravel\\framework\\src\\Illuminate\\Pipeline\\Pipeline.php(171): Fideloper\\Proxy\\TrustProxies->handle(Object(Illuminate\\Http\\Request), Object(Closure))
#33 C:\\xampp\\htdocs\\psboPendaftaran\\vendor\\laravel\\framework\\src\\Illuminate\\Pipeline\\Pipeline.php(105): Illuminate\\Pipeline\\Pipeline->Illuminate\\Pipeline\\{closure}(Object(Illuminate\\Http\\Request))
#34 C:\\xampp\\htdocs\\psboPendaftaran\\vendor\\laravel\\framework\\src\\Illuminate\\Foundation\\Http\\Kernel.php(145): Illuminate\\Pipeline\\Pipeline->then(Object(Closure))
#35 C:\\xampp\\htdocs\\psboPendaftaran\\vendor\\laravel\\framework\\src\\Illuminate\\Foundation\\Http\\Kernel.php(110): Illuminate\\Foundation\\Http\\Kernel->sendRequestThroughRouter(Object(Illuminate\\Http\\Request))
#36 C:\\xampp\\htdocs\\psboPendaftaran\\public\\index.php(55): Illuminate\\Foundation\\Http\\Kernel->handle(Object(Illuminate\\Http\\Request))
#37 C:\\xampp\\htdocs\\psboPendaftaran\\server.php(21): require_once('C:\\\\xampp\\\\htdocs...')
#38 {main}
"} 
[2020-03-11 05:10:09] production.ERROR: No application encryption key has been specified. {"exception":"[object] (RuntimeException(code: 0): No application encryption key has been specified. at C:\\xampp\\htdocs\\psboPendaftaran\\vendor\\laravel\\framework\\src\\Illuminate\\Encryption\\EncryptionServiceProvider.php:44)
[stacktrace]
#0 C:\\xampp\\htdocs\\psboPendaftaran\\vendor\\laravel\\framework\\src\\Illuminate\\Support\\helpers.php(422): Illuminate\\Encryption\\EncryptionServiceProvider->Illuminate\\Encryption\\{closure}(NULL)
#1 C:\\xampp\\htdocs\\psboPendaftaran\\vendor\\laravel\\framework\\src\\Illuminate\\Encryption\\EncryptionServiceProvider.php(48): tap(NULL, Object(Closure))
#2 C:\\xampp\\htdocs\\psboPendaftaran\\vendor\\laravel\\framework\\src\\Illuminate\\Encryption\\EncryptionServiceProvider.php(24): Illuminate\\Encryption\\EncryptionServiceProvider->key(Array)
#3 C:\\xampp\\htdocs\\psboPendaftaran\\vendor\\laravel\\framework\\src\\Illuminate\\Container\\Container.php(799): Illuminate\\Encryption\\EncryptionServiceProvider->Illuminate\\Encryption\\{closure}(Object(Illuminate\\Foundation\\Application), Array)
#4 C:\\xampp\\htdocs\\psboPendaftaran\\vendor\\laravel\\framework\\src\\Illuminate\\Container\\Container.php(681): Illuminate\\Container\\Container->build(Object(Closure))
#5 C:\\xampp\\htdocs\\psboPendaftaran\\vendor\\laravel\\framework\\src\\Illuminate\\Foundation\\Application.php(785): Illuminate\\Container\\Container->resolve('encrypter', Array, true)
#6 C:\\xampp\\htdocs\\psboPendaftaran\\vendor\\laravel\\framework\\src\\Illuminate\\Container\\Container.php(629): Illuminate\\Foundation\\Application->resolve('encrypter', Array)
#7 C:\\xampp\\htdocs\\psboPendaftaran\\vendor\\laravel\\framework\\src\\Illuminate\\Foundation\\Application.php(770): Illuminate\\Container\\Container->make('encrypter', Array)
#8 C:\\xampp\\htdocs\\psboPendaftaran\\vendor\\laravel\\framework\\src\\Illuminate\\Container\\Container.php(945): Illuminate\\Foundation\\Application->make('encrypter')
#9 C:\\xampp\\htdocs\\psboPendaftaran\\vendor\\laravel\\framework\\src\\Illuminate\\Container\\Container.php(873): Illuminate\\Container\\Container->resolveClass(Object(ReflectionParameter))
#10 C:\\xampp\\htdocs\\psboPendaftaran\\vendor\\laravel\\framework\\src\\Illuminate\\Container\\Container.php(834): Illuminate\\Container\\Container->resolveDependencies(Array)
#11 C:\\xampp\\htdocs\\psboPendaftaran\\vendor\\laravel\\framework\\src\\Illuminate\\Container\\Container.php(681): Illuminate\\Container\\Container->build('App\\\\Http\\\\Middle...')
#12 C:\\xampp\\htdocs\\psboPendaftaran\\vendor\\laravel\\framework\\src\\Illuminate\\Foundation\\Application.php(785): Illuminate\\Container\\Container->resolve('App\\\\Http\\\\Middle...', Array, true)
#13 C:\\xampp\\htdocs\\psboPendaftaran\\vendor\\laravel\\framework\\src\\Illuminate\\Container\\Container.php(629): Illuminate\\Foundation\\Application->resolve('App\\\\Http\\\\Middle...', Array)
#14 C:\\xampp\\htdocs\\psboPendaftaran\\vendor\\laravel\\framework\\src\\Illuminate\\Foundation\\Application.php(770): Illuminate\\Container\\Container->make('App\\\\Http\\\\Middle...', Array)
#15 C:\\xampp\\htdocs\\psboPendaftaran\\vendor\\laravel\\framework\\src\\Illuminate\\Foundation\\Http\\Kernel.php(209): Illuminate\\Foundation\\Application->make('App\\\\Http\\\\Middle...')
#16 C:\\xampp\\htdocs\\psboPendaftaran\\vendor\\laravel\\framework\\src\\Illuminate\\Foundation\\Http\\Kernel.php(183): Illuminate\\Foundation\\Http\\Kernel->terminateMiddleware(Object(Illuminate\\Http\\Request), Object(Illuminate\\Http\\Response))
#17 C:\\xampp\\htdocs\\psboPendaftaran\\public\\index.php(60): Illuminate\\Foundation\\Http\\Kernel->terminate(Object(Illuminate\\Http\\Request), Object(Illuminate\\Http\\Response))
#18 C:\\xampp\\htdocs\\psboPendaftaran\\server.php(21): require_once('C:\\\\xampp\\\\htdocs...')
#19 {main}
"} 
[2020-03-11 05:12:50] production.ERROR: No application encryption key has been specified. {"exception":"[object] (RuntimeException(code: 0): No application encryption key has been specified. at C:\\xampp\\htdocs\\psboPendaftaran\\vendor\\laravel\\framework\\src\\Illuminate\\Encryption\\EncryptionServiceProvider.php:44)
[stacktrace]
#0 C:\\xampp\\htdocs\\psboPendaftaran\\vendor\\laravel\\framework\\src\\Illuminate\\Support\\helpers.php(422): Illuminate\\Encryption\\EncryptionServiceProvider->Illuminate\\Encryption\\{closure}(NULL)
#1 C:\\xampp\\htdocs\\psboPendaftaran\\vendor\\laravel\\framework\\src\\Illuminate\\Encryption\\EncryptionServiceProvider.php(48): tap(NULL, Object(Closure))
#2 C:\\xampp\\htdocs\\psboPendaftaran\\vendor\\laravel\\framework\\src\\Illuminate\\Encryption\\EncryptionServiceProvider.php(24): Illuminate\\Encryption\\EncryptionServiceProvider->key(Array)
#3 C:\\xampp\\htdocs\\psboPendaftaran\\vendor\\laravel\\framework\\src\\Illuminate\\Container\\Container.php(799): Illuminate\\Encryption\\EncryptionServiceProvider->Illuminate\\Encryption\\{closure}(Object(Illuminate\\Foundation\\Application), Array)
#4 C:\\xampp\\htdocs\\psboPendaftaran\\vendor\\laravel\\framework\\src\\Illuminate\\Container\\Container.php(681): Illuminate\\Container\\Container->build(Object(Closure))
#5 C:\\xampp\\htdocs\\psboPendaftaran\\vendor\\laravel\\framework\\src\\Illuminate\\Foundation\\Application.php(785): Illuminate\\Container\\Container->resolve('encrypter', Array, true)
#6 C:\\xampp\\htdocs\\psboPendaftaran\\vendor\\laravel\\framework\\src\\Illuminate\\Container\\Container.php(629): Illuminate\\Foundation\\Application->resolve('encrypter', Array)
#7 C:\\xampp\\htdocs\\psboPendaftaran\\vendor\\laravel\\framework\\src\\Illuminate\\Foundation\\Application.php(770): Illuminate\\Container\\Container->make('encrypter', Array)
#8 C:\\xampp\\htdocs\\psboPendaftaran\\vendor\\laravel\\framework\\src\\Illuminate\\Container\\Container.php(945): Illuminate\\Foundation\\Application->make('encrypter')
#9 C:\\xampp\\htdocs\\psboPendaftaran\\vendor\\laravel\\framework\\src\\Illuminate\\Container\\Container.php(873): Illuminate\\Container\\Container->resolveClass(Object(ReflectionParameter))
#10 C:\\xampp\\htdocs\\psboPendaftaran\\vendor\\laravel\\framework\\src\\Illuminate\\Container\\Container.php(834): Illuminate\\Container\\Container->resolveDependencies(Array)
#11 C:\\xampp\\htdocs\\psboPendaftaran\\vendor\\laravel\\framework\\src\\Illuminate\\Container\\Container.php(681): Illuminate\\Container\\Container->build('App\\\\Http\\\\Middle...')
#12 C:\\xampp\\htdocs\\psboPendaftaran\\vendor\\laravel\\framework\\src\\Illuminate\\Foundation\\Application.php(785): Illuminate\\Container\\Container->resolve('App\\\\Http\\\\Middle...', Array, true)
#13 C:\\xampp\\htdocs\\psboPendaftaran\\vendor\\laravel\\framework\\src\\Illuminate\\Container\\Container.php(629): Illuminate\\Foundation\\Application->resolve('App\\\\Http\\\\Middle...', Array)
#14 C:\\xampp\\htdocs\\psboPendaftaran\\vendor\\laravel\\framework\\src\\Illuminate\\Foundation\\Application.php(770): Illuminate\\Container\\Container->make('App\\\\Http\\\\Middle...', Array)
#15 C:\\xampp\\htdocs\\psboPendaftaran\\vendor\\laravel\\framework\\src\\Illuminate\\Pipeline\\Pipeline.php(160): Illuminate\\Foundation\\Application->make('App\\\\Http\\\\Middle...')
#16 C:\\xampp\\htdocs\\psboPendaftaran\\vendor\\laravel\\framework\\src\\Illuminate\\Pipeline\\Pipeline.php(105): Illuminate\\Pipeline\\Pipeline->Illuminate\\Pipeline\\{closure}(Object(Illuminate\\Http\\Request))
#17 C:\\xampp\\htdocs\\psboPendaftaran\\vendor\\laravel\\framework\\src\\Illuminate\\Routing\\Router.php(683): Illuminate\\Pipeline\\Pipeline->then(Object(Closure))
#18 C:\\xampp\\htdocs\\psboPendaftaran\\vendor\\laravel\\framework\\src\\Illuminate\\Routing\\Router.php(658): Illuminate\\Routing\\Router->runRouteWithinStack(Object(Illuminate\\Routing\\Route), Object(Illuminate\\Http\\Request))
#19 C:\\xampp\\htdocs\\psboPendaftaran\\vendor\\laravel\\framework\\src\\Illuminate\\Routing\\Router.php(624): Illuminate\\Routing\\Router->runRoute(Object(Illuminate\\Http\\Request), Object(Illuminate\\Routing\\Route))
#20 C:\\xampp\\htdocs\\psboPendaftaran\\vendor\\laravel\\framework\\src\\Illuminate\\Routing\\Router.php(613): Illuminate\\Routing\\Router->dispatchToRoute(Object(Illuminate\\Http\\Request))
#21 C:\\xampp\\htdocs\\psboPendaftaran\\vendor\\laravel\\framework\\src\\Illuminate\\Foundation\\Http\\Kernel.php(170): Illuminate\\Routing\\Router->dispatch(Object(Illuminate\\Http\\Request))
#22 C:\\xampp\\htdocs\\psboPendaftaran\\vendor\\laravel\\framework\\src\\Illuminate\\Pipeline\\Pipeline.php(130): Illuminate\\Foundation\\Http\\Kernel->Illuminate\\Foundation\\Http\\{closure}(Object(Illuminate\\Http\\Request))
#23 C:\\xampp\\htdocs\\psboPendaftaran\\vendor\\laravel\\framework\\src\\Illuminate\\Foundation\\Http\\Middleware\\TransformsRequest.php(21): Illuminate\\Pipeline\\Pipeline->Illuminate\\Pipeline\\{closure}(Object(Illuminate\\Http\\Request))
#24 C:\\xampp\\htdocs\\psboPendaftaran\\vendor\\laravel\\framework\\src\\Illuminate\\Pipeline\\Pipeline.php(171): Illuminate\\Foundation\\Http\\Middleware\\TransformsRequest->handle(Object(Illuminate\\Http\\Request), Object(Closure))
#25 C:\\xampp\\htdocs\\psboPendaftaran\\vendor\\laravel\\framework\\src\\Illuminate\\Foundation\\Http\\Middleware\\TransformsRequest.php(21): Illuminate\\Pipeline\\Pipeline->Illuminate\\Pipeline\\{closure}(Object(Illuminate\\Http\\Request))
#26 C:\\xampp\\htdocs\\psboPendaftaran\\vendor\\laravel\\framework\\src\\Illuminate\\Pipeline\\Pipeline.php(171): Illuminate\\Foundation\\Http\\Middleware\\TransformsRequest->handle(Object(Illuminate\\Http\\Request), Object(Closure))
#27 C:\\xampp\\htdocs\\psboPendaftaran\\vendor\\laravel\\framework\\src\\Illuminate\\Foundation\\Http\\Middleware\\ValidatePostSize.php(27): Illuminate\\Pipeline\\Pipeline->Illuminate\\Pipeline\\{closure}(Object(Illuminate\\Http\\Request))
#28 C:\\xampp\\htdocs\\psboPendaftaran\\vendor\\laravel\\framework\\src\\Illuminate\\Pipeline\\Pipeline.php(171): Illuminate\\Foundation\\Http\\Middleware\\ValidatePostSize->handle(Object(Illuminate\\Http\\Request), Object(Closure))
#29 C:\\xampp\\htdocs\\psboPendaftaran\\vendor\\laravel\\framework\\src\\Illuminate\\Foundation\\Http\\Middleware\\CheckForMaintenanceMode.php(63): Illuminate\\Pipeline\\Pipeline->Illuminate\\Pipeline\\{closure}(Object(Illuminate\\Http\\Request))
#30 C:\\xampp\\htdocs\\psboPendaftaran\\vendor\\laravel\\framework\\src\\Illuminate\\Pipeline\\Pipeline.php(171): Illuminate\\Foundation\\Http\\Middleware\\CheckForMaintenanceMode->handle(Object(Illuminate\\Http\\Request), Object(Closure))
#31 C:\\xampp\\htdocs\\psboPendaftaran\\vendor\\fideloper\\proxy\\src\\TrustProxies.php(57): Illuminate\\Pipeline\\Pipeline->Illuminate\\Pipeline\\{closure}(Object(Illuminate\\Http\\Request))
#32 C:\\xampp\\htdocs\\psboPendaftaran\\vendor\\laravel\\framework\\src\\Illuminate\\Pipeline\\Pipeline.php(171): Fideloper\\Proxy\\TrustProxies->handle(Object(Illuminate\\Http\\Request), Object(Closure))
#33 C:\\xampp\\htdocs\\psboPendaftaran\\vendor\\laravel\\framework\\src\\Illuminate\\Pipeline\\Pipeline.php(105): Illuminate\\Pipeline\\Pipeline->Illuminate\\Pipeline\\{closure}(Object(Illuminate\\Http\\Request))
#34 C:\\xampp\\htdocs\\psboPendaftaran\\vendor\\laravel\\framework\\src\\Illuminate\\Foundation\\Http\\Kernel.php(145): Illuminate\\Pipeline\\Pipeline->then(Object(Closure))
#35 C:\\xampp\\htdocs\\psboPendaftaran\\vendor\\laravel\\framework\\src\\Illuminate\\Foundation\\Http\\Kernel.php(110): Illuminate\\Foundation\\Http\\Kernel->sendRequestThroughRouter(Object(Illuminate\\Http\\Request))
#36 C:\\xampp\\htdocs\\psboPendaftaran\\public\\index.php(55): Illuminate\\Foundation\\Http\\Kernel->handle(Object(Illuminate\\Http\\Request))
#37 C:\\xampp\\htdocs\\psboPendaftaran\\server.php(21): require_once('C:\\\\xampp\\\\htdocs...')
#38 {main}
"} 
[2020-03-11 05:12:50] production.ERROR: No application encryption key has been specified. {"exception":"[object] (RuntimeException(code: 0): No application encryption key has been specified. at C:\\xampp\\htdocs\\psboPendaftaran\\vendor\\laravel\\framework\\src\\Illuminate\\Encryption\\EncryptionServiceProvider.php:44)
[stacktrace]
#0 C:\\xampp\\htdocs\\psboPendaftaran\\vendor\\laravel\\framework\\src\\Illuminate\\Support\\helpers.php(422): Illuminate\\Encryption\\EncryptionServiceProvider->Illuminate\\Encryption\\{closure}(NULL)
#1 C:\\xampp\\htdocs\\psboPendaftaran\\vendor\\laravel\\framework\\src\\Illuminate\\Encryption\\EncryptionServiceProvider.php(48): tap(NULL, Object(Closure))
#2 C:\\xampp\\htdocs\\psboPendaftaran\\vendor\\laravel\\framework\\src\\Illuminate\\Encryption\\EncryptionServiceProvider.php(24): Illuminate\\Encryption\\EncryptionServiceProvider->key(Array)
#3 C:\\xampp\\htdocs\\psboPendaftaran\\vendor\\laravel\\framework\\src\\Illuminate\\Container\\Container.php(799): Illuminate\\Encryption\\EncryptionServiceProvider->Illuminate\\Encryption\\{closure}(Object(Illuminate\\Foundation\\Application), Array)
#4 C:\\xampp\\htdocs\\psboPendaftaran\\vendor\\laravel\\framework\\src\\Illuminate\\Container\\Container.php(681): Illuminate\\Container\\Container->build(Object(Closure))
#5 C:\\xampp\\htdocs\\psboPendaftaran\\vendor\\laravel\\framework\\src\\Illuminate\\Foundation\\Application.php(785): Illuminate\\Container\\Container->resolve('encrypter', Array, true)
#6 C:\\xampp\\htdocs\\psboPendaftaran\\vendor\\laravel\\framework\\src\\Illuminate\\Container\\Container.php(629): Illuminate\\Foundation\\Application->resolve('encrypter', Array)
#7 C:\\xampp\\htdocs\\psboPendaftaran\\vendor\\laravel\\framework\\src\\Illuminate\\Foundation\\Application.php(770): Illuminate\\Container\\Container->make('encrypter', Array)
#8 C:\\xampp\\htdocs\\psboPendaftaran\\vendor\\laravel\\framework\\src\\Illuminate\\Container\\Container.php(945): Illuminate\\Foundation\\Application->make('encrypter')
#9 C:\\xampp\\htdocs\\psboPendaftaran\\vendor\\laravel\\framework\\src\\Illuminate\\Container\\Container.php(873): Illuminate\\Container\\Container->resolveClass(Object(ReflectionParameter))
#10 C:\\xampp\\htdocs\\psboPendaftaran\\vendor\\laravel\\framework\\src\\Illuminate\\Container\\Container.php(834): Illuminate\\Container\\Container->resolveDependencies(Array)
#11 C:\\xampp\\htdocs\\psboPendaftaran\\vendor\\laravel\\framework\\src\\Illuminate\\Container\\Container.php(681): Illuminate\\Container\\Container->build('App\\\\Http\\\\Middle...')
#12 C:\\xampp\\htdocs\\psboPendaftaran\\vendor\\laravel\\framework\\src\\Illuminate\\Foundation\\Application.php(785): Illuminate\\Container\\Container->resolve('App\\\\Http\\\\Middle...', Array, true)
#13 C:\\xampp\\htdocs\\psboPendaftaran\\vendor\\laravel\\framework\\src\\Illuminate\\Container\\Container.php(629): Illuminate\\Foundation\\Application->resolve('App\\\\Http\\\\Middle...', Array)
#14 C:\\xampp\\htdocs\\psboPendaftaran\\vendor\\laravel\\framework\\src\\Illuminate\\Foundation\\Application.php(770): Illuminate\\Container\\Container->make('App\\\\Http\\\\Middle...', Array)
#15 C:\\xampp\\htdocs\\psboPendaftaran\\vendor\\laravel\\framework\\src\\Illuminate\\Foundation\\Http\\Kernel.php(209): Illuminate\\Foundation\\Application->make('App\\\\Http\\\\Middle...')
#16 C:\\xampp\\htdocs\\psboPendaftaran\\vendor\\laravel\\framework\\src\\Illuminate\\Foundation\\Http\\Kernel.php(183): Illuminate\\Foundation\\Http\\Kernel->terminateMiddleware(Object(Illuminate\\Http\\Request), Object(Illuminate\\Http\\Response))
#17 C:\\xampp\\htdocs\\psboPendaftaran\\public\\index.php(60): Illuminate\\Foundation\\Http\\Kernel->terminate(Object(Illuminate\\Http\\Request), Object(Illuminate\\Http\\Response))
#18 C:\\xampp\\htdocs\\psboPendaftaran\\server.php(21): require_once('C:\\\\xampp\\\\htdocs...')
#19 {main}
"} 
[2020-03-11 05:13:57] production.ERROR: file_get_contents(C:\xampp\htdocs\psboPendaftaran\.env): failed to open stream: No such file or directory {"exception":"[object] (ErrorException(code: 0): file_get_contents(C:\\xampp\\htdocs\\psboPendaftaran\\.env): failed to open stream: No such file or directory at C:\\xampp\\htdocs\\psboPendaftaran\\vendor\\laravel\\framework\\src\\Illuminate\\Foundation\\Console\\KeyGenerateCommand.php:96)
[stacktrace]
#0 [internal function]: Illuminate\\Foundation\\Bootstrap\\HandleExceptions->handleError(2, 'file_get_conten...', 'C:\\\\xampp\\\\htdocs...', 96, Array)
#1 C:\\xampp\\htdocs\\psboPendaftaran\\vendor\\laravel\\framework\\src\\Illuminate\\Foundation\\Console\\KeyGenerateCommand.php(96): file_get_contents('C:\\\\xampp\\\\htdocs...')
#2 C:\\xampp\\htdocs\\psboPendaftaran\\vendor\\laravel\\framework\\src\\Illuminate\\Foundation\\Console\\KeyGenerateCommand.php(80): Illuminate\\Foundation\\Console\\KeyGenerateCommand->writeNewEnvironmentFileWith('base64:AAdrOv9J...')
#3 C:\\xampp\\htdocs\\psboPendaftaran\\vendor\\laravel\\framework\\src\\Illuminate\\Foundation\\Console\\KeyGenerateCommand.php(45): Illuminate\\Foundation\\Console\\KeyGenerateCommand->setKeyInEnvironmentFile('base64:AAdrOv9J...')
#4 [internal function]: Illuminate\\Foundation\\Console\\KeyGenerateCommand->handle()
#5 C:\\xampp\\htdocs\\psboPendaftaran\\vendor\\laravel\\framework\\src\\Illuminate\\Container\\BoundMethod.php(32): call_user_func_array(Array, Array)
#6 C:\\xampp\\htdocs\\psboPendaftaran\\vendor\\laravel\\framework\\src\\Illuminate\\Container\\Util.php(36): Illuminate\\Container\\BoundMethod::Illuminate\\Container\\{closure}()
#7 C:\\xampp\\htdocs\\psboPendaftaran\\vendor\\laravel\\framework\\src\\Illuminate\\Container\\BoundMethod.php(90): Illuminate\\Container\\Util::unwrapIfClosure(Object(Closure))
#8 C:\\xampp\\htdocs\\psboPendaftaran\\vendor\\laravel\\framework\\src\\Illuminate\\Container\\BoundMethod.php(34): Illuminate\\Container\\BoundMethod::callBoundMethod(Object(Illuminate\\Foundation\\Application), Array, Object(Closure))
#9 C:\\xampp\\htdocs\\psboPendaftaran\\vendor\\laravel\\framework\\src\\Illuminate\\Container\\Container.php(590): Illuminate\\Container\\BoundMethod::call(Object(Illuminate\\Foundation\\Application), Array, Array, NULL)
#10 C:\\xampp\\htdocs\\psboPendaftaran\\vendor\\laravel\\framework\\src\\Illuminate\\Console\\Command.php(134): Illuminate\\Container\\Container->call(Array)
#11 C:\\xampp\\htdocs\\psboPendaftaran\\vendor\\symfony\\console\\Command\\Command.php(255): Illuminate\\Console\\Command->execute(Object(Symfony\\Component\\Console\\Input\\ArgvInput), Object(Illuminate\\Console\\OutputStyle))
#12 C:\\xampp\\htdocs\\psboPendaftaran\\vendor\\laravel\\framework\\src\\Illuminate\\Console\\Command.php(121): Symfony\\Component\\Console\\Command\\Command->run(Object(Symfony\\Component\\Console\\Input\\ArgvInput), Object(Illuminate\\Console\\OutputStyle))
#13 C:\\xampp\\htdocs\\psboPendaftaran\\vendor\\symfony\\console\\Application.php(1001): Illuminate\\Console\\Command->run(Object(Symfony\\Component\\Console\\Input\\ArgvInput), Object(Symfony\\Component\\Console\\Output\\ConsoleOutput))
#14 C:\\xampp\\htdocs\\psboPendaftaran\\vendor\\symfony\\console\\Application.php(271): Symfony\\Component\\Console\\Application->doRunCommand(Object(Illuminate\\Foundation\\Console\\KeyGenerateCommand), Object(Symfony\\Component\\Console\\Input\\ArgvInput), Object(Symfony\\Component\\Console\\Output\\ConsoleOutput))
#15 C:\\xampp\\htdocs\\psboPendaftaran\\vendor\\symfony\\console\\Application.php(147): Symfony\\Component\\Console\\Application->doRun(Object(Symfony\\Component\\Console\\Input\\ArgvInput), Object(Symfony\\Component\\Console\\Output\\ConsoleOutput))
#16 C:\\xampp\\htdocs\\psboPendaftaran\\vendor\\laravel\\framework\\src\\Illuminate\\Console\\Application.php(93): Symfony\\Component\\Console\\Application->run(Object(Symfony\\Component\\Console\\Input\\ArgvInput), Object(Symfony\\Component\\Console\\Output\\ConsoleOutput))
#17 C:\\xampp\\htdocs\\psboPendaftaran\\vendor\\laravel\\framework\\src\\Illuminate\\Foundation\\Console\\Kernel.php(131): Illuminate\\Console\\Application->run(Object(Symfony\\Component\\Console\\Input\\ArgvInput), Object(Symfony\\Component\\Console\\Output\\ConsoleOutput))
#18 C:\\xampp\\htdocs\\psboPendaftaran\\artisan(37): Illuminate\\Foundation\\Console\\Kernel->handle(Object(Symfony\\Component\\Console\\Input\\ArgvInput), Object(Symfony\\Component\\Console\\Output\\ConsoleOutput))
#19 {main}
"} 
[2020-03-12 05:28:47] local.ERROR: Class 'HTML' not found (View: C:\Users\Arih Ghina Wiranti\Documents\GitHub\PSBO---Pendaftaran-Siswa-Baru-SCB\psboPendaftaran\resources\views\dashboard.blade.php) {"exception":"[object] (Facade\\Ignition\\Exceptions\\ViewException(code: 0): Class 'HTML' not found (View: C:\\Users\\Arih Ghina Wiranti\\Documents\\GitHub\\PSBO---Pendaftaran-Siswa-Baru-SCB\\psboPendaftaran\esources\\views\\dashboard.blade.php) at C:\\Users\\Arih Ghina Wiranti\\Documents\\GitHub\\PSBO---Pendaftaran-Siswa-Baru-SCB\\psboPendaftaran\esources\\views/dashboard.blade.php:46)
[stacktrace]
#0 C:\\Users\\Arih Ghina Wiranti\\Documents\\GitHub\\PSBO---Pendaftaran-Siswa-Baru-SCB\\psboPendaftaran\\vendor\\laravel\\framework\\src\\Illuminate\\View\\Engines\\PhpEngine.php(43): include()
#1 C:\\Users\\Arih Ghina Wiranti\\Documents\\GitHub\\PSBO---Pendaftaran-Siswa-Baru-SCB\\psboPendaftaran\\vendor\\laravel\\framework\\src\\Illuminate\\View\\Engines\\CompilerEngine.php(59): Illuminate\\View\\Engines\\PhpEngine->evaluatePath('C:\\\\Users\\\\Arih G...', Array)
#2 C:\\Users\\Arih Ghina Wiranti\\Documents\\GitHub\\PSBO---Pendaftaran-Siswa-Baru-SCB\\psboPendaftaran\\vendor\\facade\\ignition\\src\\Views\\Engines\\CompilerEngine.php(36): Illuminate\\View\\Engines\\CompilerEngine->get('C:\\\\Users\\\\Arih G...', Array)
#3 C:\\Users\\Arih Ghina Wiranti\\Documents\\GitHub\\PSBO---Pendaftaran-Siswa-Baru-SCB\\psboPendaftaran\\vendor\\laravel\\framework\\src\\Illuminate\\View\\View.php(143): Facade\\Ignition\\Views\\Engines\\CompilerEngine->get('C:\\\\Users\\\\Arih G...', Array)
#4 C:\\Users\\Arih Ghina Wiranti\\Documents\\GitHub\\PSBO---Pendaftaran-Siswa-Baru-SCB\\psboPendaftaran\\vendor\\laravel\\framework\\src\\Illuminate\\View\\View.php(126): Illuminate\\View\\View->getContents()
#5 C:\\Users\\Arih Ghina Wiranti\\Documents\\GitHub\\PSBO---Pendaftaran-Siswa-Baru-SCB\\psboPendaftaran\\vendor\\laravel\\framework\\src\\Illuminate\\View\\View.php(91): Illuminate\\View\\View->renderContents()
#6 C:\\Users\\Arih Ghina Wiranti\\Documents\\GitHub\\PSBO---Pendaftaran-Siswa-Baru-SCB\\psboPendaftaran\\vendor\\laravel\\framework\\src\\Illuminate\\Http\\Response.php(42): Illuminate\\View\\View->render()
#7 C:\\Users\\Arih Ghina Wiranti\\Documents\\GitHub\\PSBO---Pendaftaran-Siswa-Baru-SCB\\psboPendaftaran\\vendor\\symfony\\http-foundation\\Response.php(202): Illuminate\\Http\\Response->setContent(Object(Illuminate\\View\\View))
#8 C:\\Users\\Arih Ghina Wiranti\\Documents\\GitHub\\PSBO---Pendaftaran-Siswa-Baru-SCB\\psboPendaftaran\\vendor\\laravel\\framework\\src\\Illuminate\\Routing\\Router.php(749): Symfony\\Component\\HttpFoundation\\Response->__construct(Object(Illuminate\\View\\View), 200, Array)
#9 C:\\Users\\Arih Ghina Wiranti\\Documents\\GitHub\\PSBO---Pendaftaran-Siswa-Baru-SCB\\psboPendaftaran\\vendor\\laravel\\framework\\src\\Illuminate\\Routing\\Router.php(721): Illuminate\\Routing\\Router::toResponse(Object(Illuminate\\Http\\Request), Object(Illuminate\\View\\View))
#10 C:\\Users\\Arih Ghina Wiranti\\Documents\\GitHub\\PSBO---Pendaftaran-Siswa-Baru-SCB\\psboPendaftaran\\vendor\\laravel\\framework\\src\\Illuminate\\Routing\\Router.php(681): Illuminate\\Routing\\Router->prepareResponse(Object(Illuminate\\Http\\Request), Object(Illuminate\\View\\View))
#11 C:\\Users\\Arih Ghina Wiranti\\Documents\\GitHub\\PSBO---Pendaftaran-Siswa-Baru-SCB\\psboPendaftaran\\vendor\\laravel\\framework\\src\\Illuminate\\Pipeline\\Pipeline.php(130): Illuminate\\Routing\\Router->Illuminate\\Routing\\{closure}(Object(Illuminate\\Http\\Request))
#12 C:\\Users\\Arih Ghina Wiranti\\Documents\\GitHub\\PSBO---Pendaftaran-Siswa-Baru-SCB\\psboPendaftaran\\vendor\\laravel\\framework\\src\\Illuminate\\Routing\\Middleware\\SubstituteBindings.php(41): Illuminate\\Pipeline\\Pipeline->Illuminate\\Pipeline\\{closure}(Object(Illuminate\\Http\\Request))
#13 C:\\Users\\Arih Ghina Wiranti\\Documents\\GitHub\\PSBO---Pendaftaran-Siswa-Baru-SCB\\psboPendaftaran\\vendor\\laravel\\framework\\src\\Illuminate\\Pipeline\\Pipeline.php(171): Illuminate\\Routing\\Middleware\\SubstituteBindings->handle(Object(Illuminate\\Http\\Request), Object(Closure))
#14 C:\\Users\\Arih Ghina Wiranti\\Documents\\GitHub\\PSBO---Pendaftaran-Siswa-Baru-SCB\\psboPendaftaran\\vendor\\laravel\\framework\\src\\Illuminate\\Foundation\\Http\\Middleware\\VerifyCsrfToken.php(76): Illuminate\\Pipeline\\Pipeline->Illuminate\\Pipeline\\{closure}(Object(Illuminate\\Http\\Request))
#15 C:\\Users\\Arih Ghina Wiranti\\Documents\\GitHub\\PSBO---Pendaftaran-Siswa-Baru-SCB\\psboPendaftaran\\vendor\\laravel\\framework\\src\\Illuminate\\Pipeline\\Pipeline.php(171): Illuminate\\Foundation\\Http\\Middleware\\VerifyCsrfToken->handle(Object(Illuminate\\Http\\Request), Object(Closure))
#16 C:\\Users\\Arih Ghina Wiranti\\Documents\\GitHub\\PSBO---Pendaftaran-Siswa-Baru-SCB\\psboPendaftaran\\vendor\\laravel\\framework\\src\\Illuminate\\View\\Middleware\\ShareErrorsFromSession.php(49): Illuminate\\Pipeline\\Pipeline->Illuminate\\Pipeline\\{closure}(Object(Illuminate\\Http\\Request))
#17 C:\\Users\\Arih Ghina Wiranti\\Documents\\GitHub\\PSBO---Pendaftaran-Siswa-Baru-SCB\\psboPendaftaran\\vendor\\laravel\\framework\\src\\Illuminate\\Pipeline\\Pipeline.php(171): Illuminate\\View\\Middleware\\ShareErrorsFromSession->handle(Object(Illuminate\\Http\\Request), Object(Closure))
#18 C:\\Users\\Arih Ghina Wiranti\\Documents\\GitHub\\PSBO---Pendaftaran-Siswa-Baru-SCB\\psboPendaftaran\\vendor\\laravel\\framework\\src\\Illuminate\\Session\\Middleware\\StartSession.php(56): Illuminate\\Pipeline\\Pipeline->Illuminate\\Pipeline\\{closure}(Object(Illuminate\\Http\\Request))
#19 C:\\Users\\Arih Ghina Wiranti\\Documents\\GitHub\\PSBO---Pendaftaran-Siswa-Baru-SCB\\psboPendaftaran\\vendor\\laravel\\framework\\src\\Illuminate\\Pipeline\\Pipeline.php(171): Illuminate\\Session\\Middleware\\StartSession->handle(Object(Illuminate\\Http\\Request), Object(Closure))
#20 C:\\Users\\Arih Ghina Wiranti\\Documents\\GitHub\\PSBO---Pendaftaran-Siswa-Baru-SCB\\psboPendaftaran\\vendor\\laravel\\framework\\src\\Illuminate\\Cookie\\Middleware\\AddQueuedCookiesToResponse.php(37): Illuminate\\Pipeline\\Pipeline->Illuminate\\Pipeline\\{closure}(Object(Illuminate\\Http\\Request))
#21 C:\\Users\\Arih Ghina Wiranti\\Documents\\GitHub\\PSBO---Pendaftaran-Siswa-Baru-SCB\\psboPendaftaran\\vendor\\laravel\\framework\\src\\Illuminate\\Pipeline\\Pipeline.php(171): Illuminate\\Cookie\\Middleware\\AddQueuedCookiesToResponse->handle(Object(Illuminate\\Http\\Request), Object(Closure))
#22 C:\\Users\\Arih Ghina Wiranti\\Documents\\GitHub\\PSBO---Pendaftaran-Siswa-Baru-SCB\\psboPendaftaran\\vendor\\laravel\\framework\\src\\Illuminate\\Cookie\\Middleware\\EncryptCookies.php(66): Illuminate\\Pipeline\\Pipeline->Illuminate\\Pipeline\\{closure}(Object(Illuminate\\Http\\Request))
#23 C:\\Users\\Arih Ghina Wiranti\\Documents\\GitHub\\PSBO---Pendaftaran-Siswa-Baru-SCB\\psboPendaftaran\\vendor\\laravel\\framework\\src\\Illuminate\\Pipeline\\Pipeline.php(171): Illuminate\\Cookie\\Middleware\\EncryptCookies->handle(Object(Illuminate\\Http\\Request), Object(Closure))
#24 C:\\Users\\Arih Ghina Wiranti\\Documents\\GitHub\\PSBO---Pendaftaran-Siswa-Baru-SCB\\psboPendaftaran\\vendor\\laravel\\framework\\src\\Illuminate\\Pipeline\\Pipeline.php(105): Illuminate\\Pipeline\\Pipeline->Illuminate\\Pipeline\\{closure}(Object(Illuminate\\Http\\Request))
#25 C:\\Users\\Arih Ghina Wiranti\\Documents\\GitHub\\PSBO---Pendaftaran-Siswa-Baru-SCB\\psboPendaftaran\\vendor\\laravel\\framework\\src\\Illuminate\\Routing\\Router.php(683): Illuminate\\Pipeline\\Pipeline->then(Object(Closure))
#26 C:\\Users\\Arih Ghina Wiranti\\Documents\\GitHub\\PSBO---Pendaftaran-Siswa-Baru-SCB\\psboPendaftaran\\vendor\\laravel\\framework\\src\\Illuminate\\Routing\\Router.php(658): Illuminate\\Routing\\Router->runRouteWithinStack(Object(Illuminate\\Routing\\Route), Object(Illuminate\\Http\\Request))
#27 C:\\Users\\Arih Ghina Wiranti\\Documents\\GitHub\\PSBO---Pendaftaran-Siswa-Baru-SCB\\psboPendaftaran\\vendor\\laravel\\framework\\src\\Illuminate\\Routing\\Router.php(624): Illuminate\\Routing\\Router->runRoute(Object(Illuminate\\Http\\Request), Object(Illuminate\\Routing\\Route))
#28 C:\\Users\\Arih Ghina Wiranti\\Documents\\GitHub\\PSBO---Pendaftaran-Siswa-Baru-SCB\\psboPendaftaran\\vendor\\laravel\\framework\\src\\Illuminate\\Routing\\Router.php(613): Illuminate\\Routing\\Router->dispatchToRoute(Object(Illuminate\\Http\\Request))
#29 C:\\Users\\Arih Ghina Wiranti\\Documents\\GitHub\\PSBO---Pendaftaran-Siswa-Baru-SCB\\psboPendaftaran\\vendor\\laravel\\framework\\src\\Illuminate\\Foundation\\Http\\Kernel.php(170): Illuminate\\Routing\\Router->dispatch(Object(Illuminate\\Http\\Request))
#30 C:\\Users\\Arih Ghina Wiranti\\Documents\\GitHub\\PSBO---Pendaftaran-Siswa-Baru-SCB\\psboPendaftaran\\vendor\\laravel\\framework\\src\\Illuminate\\Pipeline\\Pipeline.php(130): Illuminate\\Foundation\\Http\\Kernel->Illuminate\\Foundation\\Http\\{closure}(Object(Illuminate\\Http\\Request))
#31 C:\\Users\\Arih Ghina Wiranti\\Documents\\GitHub\\PSBO---Pendaftaran-Siswa-Baru-SCB\\psboPendaftaran\\vendor\\laravel\\framework\\src\\Illuminate\\Foundation\\Http\\Middleware\\TransformsRequest.php(21): Illuminate\\Pipeline\\Pipeline->Illuminate\\Pipeline\\{closure}(Object(Illuminate\\Http\\Request))
#32 C:\\Users\\Arih Ghina Wiranti\\Documents\\GitHub\\PSBO---Pendaftaran-Siswa-Baru-SCB\\psboPendaftaran\\vendor\\laravel\\framework\\src\\Illuminate\\Pipeline\\Pipeline.php(171): Illuminate\\Foundation\\Http\\Middleware\\TransformsRequest->handle(Object(Illuminate\\Http\\Request), Object(Closure))
#33 C:\\Users\\Arih Ghina Wiranti\\Documents\\GitHub\\PSBO---Pendaftaran-Siswa-Baru-SCB\\psboPendaftaran\\vendor\\laravel\\framework\\src\\Illuminate\\Foundation\\Http\\Middleware\\TransformsRequest.php(21): Illuminate\\Pipeline\\Pipeline->Illuminate\\Pipeline\\{closure}(Object(Illuminate\\Http\\Request))
#34 C:\\Users\\Arih Ghina Wiranti\\Documents\\GitHub\\PSBO---Pendaftaran-Siswa-Baru-SCB\\psboPendaftaran\\vendor\\laravel\\framework\\src\\Illuminate\\Pipeline\\Pipeline.php(171): Illuminate\\Foundation\\Http\\Middleware\\TransformsRequest->handle(Object(Illuminate\\Http\\Request), Object(Closure))
#35 C:\\Users\\Arih Ghina Wiranti\\Documents\\GitHub\\PSBO---Pendaftaran-Siswa-Baru-SCB\\psboPendaftaran\\vendor\\laravel\\framework\\src\\Illuminate\\Foundation\\Http\\Middleware\\ValidatePostSize.php(27): Illuminate\\Pipeline\\Pipeline->Illuminate\\Pipeline\\{closure}(Object(Illuminate\\Http\\Request))
#36 C:\\Users\\Arih Ghina Wiranti\\Documents\\GitHub\\PSBO---Pendaftaran-Siswa-Baru-SCB\\psboPendaftaran\\vendor\\laravel\\framework\\src\\Illuminate\\Pipeline\\Pipeline.php(171): Illuminate\\Foundation\\Http\\Middleware\\ValidatePostSize->handle(Object(Illuminate\\Http\\Request), Object(Closure))
#37 C:\\Users\\Arih Ghina Wiranti\\Documents\\GitHub\\PSBO---Pendaftaran-Siswa-Baru-SCB\\psboPendaftaran\\vendor\\laravel\\framework\\src\\Illuminate\\Foundation\\Http\\Middleware\\CheckForMaintenanceMode.php(63): Illuminate\\Pipeline\\Pipeline->Illuminate\\Pipeline\\{closure}(Object(Illuminate\\Http\\Request))
#38 C:\\Users\\Arih Ghina Wiranti\\Documents\\GitHub\\PSBO---Pendaftaran-Siswa-Baru-SCB\\psboPendaftaran\\vendor\\laravel\\framework\\src\\Illuminate\\Pipeline\\Pipeline.php(171): Illuminate\\Foundation\\Http\\Middleware\\CheckForMaintenanceMode->handle(Object(Illuminate\\Http\\Request), Object(Closure))
#39 C:\\Users\\Arih Ghina Wiranti\\Documents\\GitHub\\PSBO---Pendaftaran-Siswa-Baru-SCB\\psboPendaftaran\\vendor\\fideloper\\proxy\\src\\TrustProxies.php(57): Illuminate\\Pipeline\\Pipeline->Illuminate\\Pipeline\\{closure}(Object(Illuminate\\Http\\Request))
#40 C:\\Users\\Arih Ghina Wiranti\\Documents\\GitHub\\PSBO---Pendaftaran-Siswa-Baru-SCB\\psboPendaftaran\\vendor\\laravel\\framework\\src\\Illuminate\\Pipeline\\Pipeline.php(171): Fideloper\\Proxy\\TrustProxies->handle(Object(Illuminate\\Http\\Request), Object(Closure))
#41 C:\\Users\\Arih Ghina Wiranti\\Documents\\GitHub\\PSBO---Pendaftaran-Siswa-Baru-SCB\\psboPendaftaran\\vendor\\laravel\\framework\\src\\Illuminate\\Pipeline\\Pipeline.php(105): Illuminate\\Pipeline\\Pipeline->Illuminate\\Pipeline\\{closure}(Object(Illuminate\\Http\\Request))
#42 C:\\Users\\Arih Ghina Wiranti\\Documents\\GitHub\\PSBO---Pendaftaran-Siswa-Baru-SCB\\psboPendaftaran\\vendor\\laravel\\framework\\src\\Illuminate\\Foundation\\Http\\Kernel.php(145): Illuminate\\Pipeline\\Pipeline->then(Object(Closure))
#43 C:\\Users\\Arih Ghina Wiranti\\Documents\\GitHub\\PSBO---Pendaftaran-Siswa-Baru-SCB\\psboPendaftaran\\vendor\\laravel\\framework\\src\\Illuminate\\Foundation\\Http\\Kernel.php(110): Illuminate\\Foundation\\Http\\Kernel->sendRequestThroughRouter(Object(Illuminate\\Http\\Request))
#44 C:\\Users\\Arih Ghina Wiranti\\Documents\\GitHub\\PSBO---Pendaftaran-Siswa-Baru-SCB\\psboPendaftaran\\public\\index.php(55): Illuminate\\Foundation\\Http\\Kernel->handle(Object(Illuminate\\Http\\Request))
#45 C:\\Users\\Arih Ghina Wiranti\\Documents\\GitHub\\PSBO---Pendaftaran-Siswa-Baru-SCB\\psboPendaftaran\\server.php(21): require_once('C:\\\\Users\\\\Arih G...')
#46 {main}

[previous exception] [object] (Symfony\\Component\\Debug\\Exception\\FatalThrowableError(code: 0): Class 'HTML' not found at C:\\Users\\Arih Ghina Wiranti\\Documents\\GitHub\\PSBO---Pendaftaran-Siswa-Baru-SCB\\psboPendaftaran\\storage\\framework\\views\\b23d3e683bacd43336f421f3b15a78610f72ceaa.php:46)
[stacktrace]
#0 C:\\Users\\Arih Ghina Wiranti\\Documents\\GitHub\\PSBO---Pendaftaran-Siswa-Baru-SCB\\psboPendaftaran\\vendor\\laravel\\framework\\src\\Illuminate\\View\\Engines\\PhpEngine.php(43): include()
#1 C:\\Users\\Arih Ghina Wiranti\\Documents\\GitHub\\PSBO---Pendaftaran-Siswa-Baru-SCB\\psboPendaftaran\\vendor\\laravel\\framework\\src\\Illuminate\\View\\Engines\\CompilerEngine.php(59): Illuminate\\View\\Engines\\PhpEngine->evaluatePath('C:\\\\Users\\\\Arih G...', Array)
#2 C:\\Users\\Arih Ghina Wiranti\\Documents\\GitHub\\PSBO---Pendaftaran-Siswa-Baru-SCB\\psboPendaftaran\\vendor\\facade\\ignition\\src\\Views\\Engines\\CompilerEngine.php(36): Illuminate\\View\\Engines\\CompilerEngine->get('C:\\\\Users\\\\Arih G...', Array)
#3 C:\\Users\\Arih Ghina Wiranti\\Documents\\GitHub\\PSBO---Pendaftaran-Siswa-Baru-SCB\\psboPendaftaran\\vendor\\laravel\\framework\\src\\Illuminate\\View\\View.php(143): Facade\\Ignition\\Views\\Engines\\CompilerEngine->get('C:\\\\Users\\\\Arih G...', Array)
#4 C:\\Users\\Arih Ghina Wiranti\\Documents\\GitHub\\PSBO---Pendaftaran-Siswa-Baru-SCB\\psboPendaftaran\\vendor\\laravel\\framework\\src\\Illuminate\\View\\View.php(126): Illuminate\\View\\View->getContents()
#5 C:\\Users\\Arih Ghina Wiranti\\Documents\\GitHub\\PSBO---Pendaftaran-Siswa-Baru-SCB\\psboPendaftaran\\vendor\\laravel\\framework\\src\\Illuminate\\View\\View.php(91): Illuminate\\View\\View->renderContents()
#6 C:\\Users\\Arih Ghina Wiranti\\Documents\\GitHub\\PSBO---Pendaftaran-Siswa-Baru-SCB\\psboPendaftaran\\vendor\\laravel\\framework\\src\\Illuminate\\Http\\Response.php(42): Illuminate\\View\\View->render()
#7 C:\\Users\\Arih Ghina Wiranti\\Documents\\GitHub\\PSBO---Pendaftaran-Siswa-Baru-SCB\\psboPendaftaran\\vendor\\symfony\\http-foundation\\Response.php(202): Illuminate\\Http\\Response->setContent(Object(Illuminate\\View\\View))
#8 C:\\Users\\Arih Ghina Wiranti\\Documents\\GitHub\\PSBO---Pendaftaran-Siswa-Baru-SCB\\psboPendaftaran\\vendor\\laravel\\framework\\src\\Illuminate\\Routing\\Router.php(749): Symfony\\Component\\HttpFoundation\\Response->__construct(Object(Illuminate\\View\\View), 200, Array)
#9 C:\\Users\\Arih Ghina Wiranti\\Documents\\GitHub\\PSBO---Pendaftaran-Siswa-Baru-SCB\\psboPendaftaran\\vendor\\laravel\\framework\\src\\Illuminate\\Routing\\Router.php(721): Illuminate\\Routing\\Router::toResponse(Object(Illuminate\\Http\\Request), Object(Illuminate\\View\\View))
#10 C:\\Users\\Arih Ghina Wiranti\\Documents\\GitHub\\PSBO---Pendaftaran-Siswa-Baru-SCB\\psboPendaftaran\\vendor\\laravel\\framework\\src\\Illuminate\\Routing\\Router.php(681): Illuminate\\Routing\\Router->prepareResponse(Object(Illuminate\\Http\\Request), Object(Illuminate\\View\\View))
#11 C:\\Users\\Arih Ghina Wiranti\\Documents\\GitHub\\PSBO---Pendaftaran-Siswa-Baru-SCB\\psboPendaftaran\\vendor\\laravel\\framework\\src\\Illuminate\\Pipeline\\Pipeline.php(130): Illuminate\\Routing\\Router->Illuminate\\Routing\\{closure}(Object(Illuminate\\Http\\Request))
#12 C:\\Users\\Arih Ghina Wiranti\\Documents\\GitHub\\PSBO---Pendaftaran-Siswa-Baru-SCB\\psboPendaftaran\\vendor\\laravel\\framework\\src\\Illuminate\\Routing\\Middleware\\SubstituteBindings.php(41): Illuminate\\Pipeline\\Pipeline->Illuminate\\Pipeline\\{closure}(Object(Illuminate\\Http\\Request))
#13 C:\\Users\\Arih Ghina Wiranti\\Documents\\GitHub\\PSBO---Pendaftaran-Siswa-Baru-SCB\\psboPendaftaran\\vendor\\laravel\\framework\\src\\Illuminate\\Pipeline\\Pipeline.php(171): Illuminate\\Routing\\Middleware\\SubstituteBindings->handle(Object(Illuminate\\Http\\Request), Object(Closure))
#14 C:\\Users\\Arih Ghina Wiranti\\Documents\\GitHub\\PSBO---Pendaftaran-Siswa-Baru-SCB\\psboPendaftaran\\vendor\\laravel\\framework\\src\\Illuminate\\Foundation\\Http\\Middleware\\VerifyCsrfToken.php(76): Illuminate\\Pipeline\\Pipeline->Illuminate\\Pipeline\\{closure}(Object(Illuminate\\Http\\Request))
#15 C:\\Users\\Arih Ghina Wiranti\\Documents\\GitHub\\PSBO---Pendaftaran-Siswa-Baru-SCB\\psboPendaftaran\\vendor\\laravel\\framework\\src\\Illuminate\\Pipeline\\Pipeline.php(171): Illuminate\\Foundation\\Http\\Middleware\\VerifyCsrfToken->handle(Object(Illuminate\\Http\\Request), Object(Closure))
#16 C:\\Users\\Arih Ghina Wiranti\\Documents\\GitHub\\PSBO---Pendaftaran-Siswa-Baru-SCB\\psboPendaftaran\\vendor\\laravel\\framework\\src\\Illuminate\\View\\Middleware\\ShareErrorsFromSession.php(49): Illuminate\\Pipeline\\Pipeline->Illuminate\\Pipeline\\{closure}(Object(Illuminate\\Http\\Request))
#17 C:\\Users\\Arih Ghina Wiranti\\Documents\\GitHub\\PSBO---Pendaftaran-Siswa-Baru-SCB\\psboPendaftaran\\vendor\\laravel\\framework\\src\\Illuminate\\Pipeline\\Pipeline.php(171): Illuminate\\View\\Middleware\\ShareErrorsFromSession->handle(Object(Illuminate\\Http\\Request), Object(Closure))
#18 C:\\Users\\Arih Ghina Wiranti\\Documents\\GitHub\\PSBO---Pendaftaran-Siswa-Baru-SCB\\psboPendaftaran\\vendor\\laravel\\framework\\src\\Illuminate\\Session\\Middleware\\StartSession.php(56): Illuminate\\Pipeline\\Pipeline->Illuminate\\Pipeline\\{closure}(Object(Illuminate\\Http\\Request))
#19 C:\\Users\\Arih Ghina Wiranti\\Documents\\GitHub\\PSBO---Pendaftaran-Siswa-Baru-SCB\\psboPendaftaran\\vendor\\laravel\\framework\\src\\Illuminate\\Pipeline\\Pipeline.php(171): Illuminate\\Session\\Middleware\\StartSession->handle(Object(Illuminate\\Http\\Request), Object(Closure))
#20 C:\\Users\\Arih Ghina Wiranti\\Documents\\GitHub\\PSBO---Pendaftaran-Siswa-Baru-SCB\\psboPendaftaran\\vendor\\laravel\\framework\\src\\Illuminate\\Cookie\\Middleware\\AddQueuedCookiesToResponse.php(37): Illuminate\\Pipeline\\Pipeline->Illuminate\\Pipeline\\{closure}(Object(Illuminate\\Http\\Request))
#21 C:\\Users\\Arih Ghina Wiranti\\Documents\\GitHub\\PSBO---Pendaftaran-Siswa-Baru-SCB\\psboPendaftaran\\vendor\\laravel\\framework\\src\\Illuminate\\Pipeline\\Pipeline.php(171): Illuminate\\Cookie\\Middleware\\AddQueuedCookiesToResponse->handle(Object(Illuminate\\Http\\Request), Object(Closure))
#22 C:\\Users\\Arih Ghina Wiranti\\Documents\\GitHub\\PSBO---Pendaftaran-Siswa-Baru-SCB\\psboPendaftaran\\vendor\\laravel\\framework\\src\\Illuminate\\Cookie\\Middleware\\EncryptCookies.php(66): Illuminate\\Pipeline\\Pipeline->Illuminate\\Pipeline\\{closure}(Object(Illuminate\\Http\\Request))
#23 C:\\Users\\Arih Ghina Wiranti\\Documents\\GitHub\\PSBO---Pendaftaran-Siswa-Baru-SCB\\psboPendaftaran\\vendor\\laravel\\framework\\src\\Illuminate\\Pipeline\\Pipeline.php(171): Illuminate\\Cookie\\Middleware\\EncryptCookies->handle(Object(Illuminate\\Http\\Request), Object(Closure))
#24 C:\\Users\\Arih Ghina Wiranti\\Documents\\GitHub\\PSBO---Pendaftaran-Siswa-Baru-SCB\\psboPendaftaran\\vendor\\laravel\\framework\\src\\Illuminate\\Pipeline\\Pipeline.php(105): Illuminate\\Pipeline\\Pipeline->Illuminate\\Pipeline\\{closure}(Object(Illuminate\\Http\\Request))
#25 C:\\Users\\Arih Ghina Wiranti\\Documents\\GitHub\\PSBO---Pendaftaran-Siswa-Baru-SCB\\psboPendaftaran\\vendor\\laravel\\framework\\src\\Illuminate\\Routing\\Router.php(683): Illuminate\\Pipeline\\Pipeline->then(Object(Closure))
#26 C:\\Users\\Arih Ghina Wiranti\\Documents\\GitHub\\PSBO---Pendaftaran-Siswa-Baru-SCB\\psboPendaftaran\\vendor\\laravel\\framework\\src\\Illuminate\\Routing\\Router.php(658): Illuminate\\Routing\\Router->runRouteWithinStack(Object(Illuminate\\Routing\\Route), Object(Illuminate\\Http\\Request))
#27 C:\\Users\\Arih Ghina Wiranti\\Documents\\GitHub\\PSBO---Pendaftaran-Siswa-Baru-SCB\\psboPendaftaran\\vendor\\laravel\\framework\\src\\Illuminate\\Routing\\Router.php(624): Illuminate\\Routing\\Router->runRoute(Object(Illuminate\\Http\\Request), Object(Illuminate\\Routing\\Route))
#28 C:\\Users\\Arih Ghina Wiranti\\Documents\\GitHub\\PSBO---Pendaftaran-Siswa-Baru-SCB\\psboPendaftaran\\vendor\\laravel\\framework\\src\\Illuminate\\Routing\\Router.php(613): Illuminate\\Routing\\Router->dispatchToRoute(Object(Illuminate\\Http\\Request))
#29 C:\\Users\\Arih Ghina Wiranti\\Documents\\GitHub\\PSBO---Pendaftaran-Siswa-Baru-SCB\\psboPendaftaran\\vendor\\laravel\\framework\\src\\Illuminate\\Foundation\\Http\\Kernel.php(170): Illuminate\\Routing\\Router->dispatch(Object(Illuminate\\Http\\Request))
#30 C:\\Users\\Arih Ghina Wiranti\\Documents\\GitHub\\PSBO---Pendaftaran-Siswa-Baru-SCB\\psboPendaftaran\\vendor\\laravel\\framework\\src\\Illuminate\\Pipeline\\Pipeline.php(130): Illuminate\\Foundation\\Http\\Kernel->Illuminate\\Foundation\\Http\\{closure}(Object(Illuminate\\Http\\Request))
#31 C:\\Users\\Arih Ghina Wiranti\\Documents\\GitHub\\PSBO---Pendaftaran-Siswa-Baru-SCB\\psboPendaftaran\\vendor\\laravel\\framework\\src\\Illuminate\\Foundation\\Http\\Middleware\\TransformsRequest.php(21): Illuminate\\Pipeline\\Pipeline->Illuminate\\Pipeline\\{closure}(Object(Illuminate\\Http\\Request))
#32 C:\\Users\\Arih Ghina Wiranti\\Documents\\GitHub\\PSBO---Pendaftaran-Siswa-Baru-SCB\\psboPendaftaran\\vendor\\laravel\\framework\\src\\Illuminate\\Pipeline\\Pipeline.php(171): Illuminate\\Foundation\\Http\\Middleware\\TransformsRequest->handle(Object(Illuminate\\Http\\Request), Object(Closure))
#33 C:\\Users\\Arih Ghina Wiranti\\Documents\\GitHub\\PSBO---Pendaftaran-Siswa-Baru-SCB\\psboPendaftaran\\vendor\\laravel\\framework\\src\\Illuminate\\Foundation\\Http\\Middleware\\TransformsRequest.php(21): Illuminate\\Pipeline\\Pipeline->Illuminate\\Pipeline\\{closure}(Object(Illuminate\\Http\\Request))
#34 C:\\Users\\Arih Ghina Wiranti\\Documents\\GitHub\\PSBO---Pendaftaran-Siswa-Baru-SCB\\psboPendaftaran\\vendor\\laravel\\framework\\src\\Illuminate\\Pipeline\\Pipeline.php(171): Illuminate\\Foundation\\Http\\Middleware\\TransformsRequest->handle(Object(Illuminate\\Http\\Request), Object(Closure))
#35 C:\\Users\\Arih Ghina Wiranti\\Documents\\GitHub\\PSBO---Pendaftaran-Siswa-Baru-SCB\\psboPendaftaran\\vendor\\laravel\\framework\\src\\Illuminate\\Foundation\\Http\\Middleware\\ValidatePostSize.php(27): Illuminate\\Pipeline\\Pipeline->Illuminate\\Pipeline\\{closure}(Object(Illuminate\\Http\\Request))
#36 C:\\Users\\Arih Ghina Wiranti\\Documents\\GitHub\\PSBO---Pendaftaran-Siswa-Baru-SCB\\psboPendaftaran\\vendor\\laravel\\framework\\src\\Illuminate\\Pipeline\\Pipeline.php(171): Illuminate\\Foundation\\Http\\Middleware\\ValidatePostSize->handle(Object(Illuminate\\Http\\Request), Object(Closure))
#37 C:\\Users\\Arih Ghina Wiranti\\Documents\\GitHub\\PSBO---Pendaftaran-Siswa-Baru-SCB\\psboPendaftaran\\vendor\\laravel\\framework\\src\\Illuminate\\Foundation\\Http\\Middleware\\CheckForMaintenanceMode.php(63): Illuminate\\Pipeline\\Pipeline->Illuminate\\Pipeline\\{closure}(Object(Illuminate\\Http\\Request))
#38 C:\\Users\\Arih Ghina Wiranti\\Documents\\GitHub\\PSBO---Pendaftaran-Siswa-Baru-SCB\\psboPendaftaran\\vendor\\laravel\\framework\\src\\Illuminate\\Pipeline\\Pipeline.php(171): Illuminate\\Foundation\\Http\\Middleware\\CheckForMaintenanceMode->handle(Object(Illuminate\\Http\\Request), Object(Closure))
#39 C:\\Users\\Arih Ghina Wiranti\\Documents\\GitHub\\PSBO---Pendaftaran-Siswa-Baru-SCB\\psboPendaftaran\\vendor\\fideloper\\proxy\\src\\TrustProxies.php(57): Illuminate\\Pipeline\\Pipeline->Illuminate\\Pipeline\\{closure}(Object(Illuminate\\Http\\Request))
#40 C:\\Users\\Arih Ghina Wiranti\\Documents\\GitHub\\PSBO---Pendaftaran-Siswa-Baru-SCB\\psboPendaftaran\\vendor\\laravel\\framework\\src\\Illuminate\\Pipeline\\Pipeline.php(171): Fideloper\\Proxy\\TrustProxies->handle(Object(Illuminate\\Http\\Request), Object(Closure))
#41 C:\\Users\\Arih Ghina Wiranti\\Documents\\GitHub\\PSBO---Pendaftaran-Siswa-Baru-SCB\\psboPendaftaran\\vendor\\laravel\\framework\\src\\Illuminate\\Pipeline\\Pipeline.php(105): Illuminate\\Pipeline\\Pipeline->Illuminate\\Pipeline\\{closure}(Object(Illuminate\\Http\\Request))
#42 C:\\Users\\Arih Ghina Wiranti\\Documents\\GitHub\\PSBO---Pendaftaran-Siswa-Baru-SCB\\psboPendaftaran\\vendor\\laravel\\framework\\src\\Illuminate\\Foundation\\Http\\Kernel.php(145): Illuminate\\Pipeline\\Pipeline->then(Object(Closure))
#43 C:\\Users\\Arih Ghina Wiranti\\Documents\\GitHub\\PSBO---Pendaftaran-Siswa-Baru-SCB\\psboPendaftaran\\vendor\\laravel\\framework\\src\\Illuminate\\Foundation\\Http\\Kernel.php(110): Illuminate\\Foundation\\Http\\Kernel->sendRequestThroughRouter(Object(Illuminate\\Http\\Request))
#44 C:\\Users\\Arih Ghina Wiranti\\Documents\\GitHub\\PSBO---Pendaftaran-Siswa-Baru-SCB\\psboPendaftaran\\public\\index.php(55): Illuminate\\Foundation\\Http\\Kernel->handle(Object(Illuminate\\Http\\Request))
#45 C:\\Users\\Arih Ghina Wiranti\\Documents\\GitHub\\PSBO---Pendaftaran-Siswa-Baru-SCB\\psboPendaftaran\\server.php(21): require_once('C:\\\\Users\\\\Arih G...')
#46 {main}
"} 
[2020-03-12 07:30:41] local.ERROR: syntax error, unexpected 'style' (T_STRING), expecting ')' (View: C:\Users\Arih Ghina Wiranti\Documents\GitHub\PSBO---Pendaftaran-Siswa-Baru-SCB\psboPendaftaran\resources\views\dashboard.blade.php) {"exception":"[object] (Facade\\Ignition\\Exceptions\\ViewException(code: 0): syntax error, unexpected 'style' (T_STRING), expecting ')' (View: C:\\Users\\Arih Ghina Wiranti\\Documents\\GitHub\\PSBO---Pendaftaran-Siswa-Baru-SCB\\psboPendaftaran\esources\\views\\dashboard.blade.php) at C:\\Users\\Arih Ghina Wiranti\\Documents\\GitHub\\PSBO---Pendaftaran-Siswa-Baru-SCB\\psboPendaftaran\esources\\views/dashboard.blade.php:54)
[stacktrace]
#0 C:\\Users\\Arih Ghina Wiranti\\Documents\\GitHub\\PSBO---Pendaftaran-Siswa-Baru-SCB\\psboPendaftaran\\vendor\\laravel\\framework\\src\\Illuminate\\View\\Engines\\CompilerEngine.php(59): Illuminate\\View\\Engines\\PhpEngine->evaluatePath('C:\\\\Users\\\\Arih G...', Array)
#1 C:\\Users\\Arih Ghina Wiranti\\Documents\\GitHub\\PSBO---Pendaftaran-Siswa-Baru-SCB\\psboPendaftaran\\vendor\\facade\\ignition\\src\\Views\\Engines\\CompilerEngine.php(36): Illuminate\\View\\Engines\\CompilerEngine->get('C:\\\\Users\\\\Arih G...', Array)
#2 C:\\Users\\Arih Ghina Wiranti\\Documents\\GitHub\\PSBO---Pendaftaran-Siswa-Baru-SCB\\psboPendaftaran\\vendor\\laravel\\framework\\src\\Illuminate\\View\\View.php(143): Facade\\Ignition\\Views\\Engines\\CompilerEngine->get('C:\\\\Users\\\\Arih G...', Array)
#3 C:\\Users\\Arih Ghina Wiranti\\Documents\\GitHub\\PSBO---Pendaftaran-Siswa-Baru-SCB\\psboPendaftaran\\vendor\\laravel\\framework\\src\\Illuminate\\View\\View.php(126): Illuminate\\View\\View->getContents()
#4 C:\\Users\\Arih Ghina Wiranti\\Documents\\GitHub\\PSBO---Pendaftaran-Siswa-Baru-SCB\\psboPendaftaran\\vendor\\laravel\\framework\\src\\Illuminate\\View\\View.php(91): Illuminate\\View\\View->renderContents()
#5 C:\\Users\\Arih Ghina Wiranti\\Documents\\GitHub\\PSBO---Pendaftaran-Siswa-Baru-SCB\\psboPendaftaran\\vendor\\laravel\\framework\\src\\Illuminate\\Http\\Response.php(42): Illuminate\\View\\View->render()
#6 C:\\Users\\Arih Ghina Wiranti\\Documents\\GitHub\\PSBO---Pendaftaran-Siswa-Baru-SCB\\psboPendaftaran\\vendor\\symfony\\http-foundation\\Response.php(202): Illuminate\\Http\\Response->setContent(Object(Illuminate\\View\\View))
#7 C:\\Users\\Arih Ghina Wiranti\\Documents\\GitHub\\PSBO---Pendaftaran-Siswa-Baru-SCB\\psboPendaftaran\\vendor\\laravel\\framework\\src\\Illuminate\\Routing\\Router.php(749): Symfony\\Component\\HttpFoundation\\Response->__construct(Object(Illuminate\\View\\View), 200, Array)
#8 C:\\Users\\Arih Ghina Wiranti\\Documents\\GitHub\\PSBO---Pendaftaran-Siswa-Baru-SCB\\psboPendaftaran\\vendor\\laravel\\framework\\src\\Illuminate\\Routing\\Router.php(721): Illuminate\\Routing\\Router::toResponse(Object(Illuminate\\Http\\Request), Object(Illuminate\\View\\View))
#9 C:\\Users\\Arih Ghina Wiranti\\Documents\\GitHub\\PSBO---Pendaftaran-Siswa-Baru-SCB\\psboPendaftaran\\vendor\\laravel\\framework\\src\\Illuminate\\Routing\\Router.php(681): Illuminate\\Routing\\Router->prepareResponse(Object(Illuminate\\Http\\Request), Object(Illuminate\\View\\View))
#10 C:\\Users\\Arih Ghina Wiranti\\Documents\\GitHub\\PSBO---Pendaftaran-Siswa-Baru-SCB\\psboPendaftaran\\vendor\\laravel\\framework\\src\\Illuminate\\Pipeline\\Pipeline.php(130): Illuminate\\Routing\\Router->Illuminate\\Routing\\{closure}(Object(Illuminate\\Http\\Request))
#11 C:\\Users\\Arih Ghina Wiranti\\Documents\\GitHub\\PSBO---Pendaftaran-Siswa-Baru-SCB\\psboPendaftaran\\vendor\\laravel\\framework\\src\\Illuminate\\Routing\\Middleware\\SubstituteBindings.php(41): Illuminate\\Pipeline\\Pipeline->Illuminate\\Pipeline\\{closure}(Object(Illuminate\\Http\\Request))
#12 C:\\Users\\Arih Ghina Wiranti\\Documents\\GitHub\\PSBO---Pendaftaran-Siswa-Baru-SCB\\psboPendaftaran\\vendor\\laravel\\framework\\src\\Illuminate\\Pipeline\\Pipeline.php(171): Illuminate\\Routing\\Middleware\\SubstituteBindings->handle(Object(Illuminate\\Http\\Request), Object(Closure))
#13 C:\\Users\\Arih Ghina Wiranti\\Documents\\GitHub\\PSBO---Pendaftaran-Siswa-Baru-SCB\\psboPendaftaran\\vendor\\laravel\\framework\\src\\Illuminate\\Foundation\\Http\\Middleware\\VerifyCsrfToken.php(76): Illuminate\\Pipeline\\Pipeline->Illuminate\\Pipeline\\{closure}(Object(Illuminate\\Http\\Request))
#14 C:\\Users\\Arih Ghina Wiranti\\Documents\\GitHub\\PSBO---Pendaftaran-Siswa-Baru-SCB\\psboPendaftaran\\vendor\\laravel\\framework\\src\\Illuminate\\Pipeline\\Pipeline.php(171): Illuminate\\Foundation\\Http\\Middleware\\VerifyCsrfToken->handle(Object(Illuminate\\Http\\Request), Object(Closure))
#15 C:\\Users\\Arih Ghina Wiranti\\Documents\\GitHub\\PSBO---Pendaftaran-Siswa-Baru-SCB\\psboPendaftaran\\vendor\\laravel\\framework\\src\\Illuminate\\View\\Middleware\\ShareErrorsFromSession.php(49): Illuminate\\Pipeline\\Pipeline->Illuminate\\Pipeline\\{closure}(Object(Illuminate\\Http\\Request))
#16 C:\\Users\\Arih Ghina Wiranti\\Documents\\GitHub\\PSBO---Pendaftaran-Siswa-Baru-SCB\\psboPendaftaran\\vendor\\laravel\\framework\\src\\Illuminate\\Pipeline\\Pipeline.php(171): Illuminate\\View\\Middleware\\ShareErrorsFromSession->handle(Object(Illuminate\\Http\\Request), Object(Closure))
#17 C:\\Users\\Arih Ghina Wiranti\\Documents\\GitHub\\PSBO---Pendaftaran-Siswa-Baru-SCB\\psboPendaftaran\\vendor\\laravel\\framework\\src\\Illuminate\\Session\\Middleware\\StartSession.php(56): Illuminate\\Pipeline\\Pipeline->Illuminate\\Pipeline\\{closure}(Object(Illuminate\\Http\\Request))
#18 C:\\Users\\Arih Ghina Wiranti\\Documents\\GitHub\\PSBO---Pendaftaran-Siswa-Baru-SCB\\psboPendaftaran\\vendor\\laravel\\framework\\src\\Illuminate\\Pipeline\\Pipeline.php(171): Illuminate\\Session\\Middleware\\StartSession->handle(Object(Illuminate\\Http\\Request), Object(Closure))
#19 C:\\Users\\Arih Ghina Wiranti\\Documents\\GitHub\\PSBO---Pendaftaran-Siswa-Baru-SCB\\psboPendaftaran\\vendor\\laravel\\framework\\src\\Illuminate\\Cookie\\Middleware\\AddQueuedCookiesToResponse.php(37): Illuminate\\Pipeline\\Pipeline->Illuminate\\Pipeline\\{closure}(Object(Illuminate\\Http\\Request))
#20 C:\\Users\\Arih Ghina Wiranti\\Documents\\GitHub\\PSBO---Pendaftaran-Siswa-Baru-SCB\\psboPendaftaran\\vendor\\laravel\\framework\\src\\Illuminate\\Pipeline\\Pipeline.php(171): Illuminate\\Cookie\\Middleware\\AddQueuedCookiesToResponse->handle(Object(Illuminate\\Http\\Request), Object(Closure))
#21 C:\\Users\\Arih Ghina Wiranti\\Documents\\GitHub\\PSBO---Pendaftaran-Siswa-Baru-SCB\\psboPendaftaran\\vendor\\laravel\\framework\\src\\Illuminate\\Cookie\\Middleware\\EncryptCookies.php(66): Illuminate\\Pipeline\\Pipeline->Illuminate\\Pipeline\\{closure}(Object(Illuminate\\Http\\Request))
#22 C:\\Users\\Arih Ghina Wiranti\\Documents\\GitHub\\PSBO---Pendaftaran-Siswa-Baru-SCB\\psboPendaftaran\\vendor\\laravel\\framework\\src\\Illuminate\\Pipeline\\Pipeline.php(171): Illuminate\\Cookie\\Middleware\\EncryptCookies->handle(Object(Illuminate\\Http\\Request), Object(Closure))
#23 C:\\Users\\Arih Ghina Wiranti\\Documents\\GitHub\\PSBO---Pendaftaran-Siswa-Baru-SCB\\psboPendaftaran\\vendor\\laravel\\framework\\src\\Illuminate\\Pipeline\\Pipeline.php(105): Illuminate\\Pipeline\\Pipeline->Illuminate\\Pipeline\\{closure}(Object(Illuminate\\Http\\Request))
#24 C:\\Users\\Arih Ghina Wiranti\\Documents\\GitHub\\PSBO---Pendaftaran-Siswa-Baru-SCB\\psboPendaftaran\\vendor\\laravel\\framework\\src\\Illuminate\\Routing\\Router.php(683): Illuminate\\Pipeline\\Pipeline->then(Object(Closure))
#25 C:\\Users\\Arih Ghina Wiranti\\Documents\\GitHub\\PSBO---Pendaftaran-Siswa-Baru-SCB\\psboPendaftaran\\vendor\\laravel\\framework\\src\\Illuminate\\Routing\\Router.php(658): Illuminate\\Routing\\Router->runRouteWithinStack(Object(Illuminate\\Routing\\Route), Object(Illuminate\\Http\\Request))
#26 C:\\Users\\Arih Ghina Wiranti\\Documents\\GitHub\\PSBO---Pendaftaran-Siswa-Baru-SCB\\psboPendaftaran\\vendor\\laravel\\framework\\src\\Illuminate\\Routing\\Router.php(624): Illuminate\\Routing\\Router->runRoute(Object(Illuminate\\Http\\Request), Object(Illuminate\\Routing\\Route))
#27 C:\\Users\\Arih Ghina Wiranti\\Documents\\GitHub\\PSBO---Pendaftaran-Siswa-Baru-SCB\\psboPendaftaran\\vendor\\laravel\\framework\\src\\Illuminate\\Routing\\Router.php(613): Illuminate\\Routing\\Router->dispatchToRoute(Object(Illuminate\\Http\\Request))
#28 C:\\Users\\Arih Ghina Wiranti\\Documents\\GitHub\\PSBO---Pendaftaran-Siswa-Baru-SCB\\psboPendaftaran\\vendor\\laravel\\framework\\src\\Illuminate\\Foundation\\Http\\Kernel.php(170): Illuminate\\Routing\\Router->dispatch(Object(Illuminate\\Http\\Request))
#29 C:\\Users\\Arih Ghina Wiranti\\Documents\\GitHub\\PSBO---Pendaftaran-Siswa-Baru-SCB\\psboPendaftaran\\vendor\\laravel\\framework\\src\\Illuminate\\Pipeline\\Pipeline.php(130): Illuminate\\Foundation\\Http\\Kernel->Illuminate\\Foundation\\Http\\{closure}(Object(Illuminate\\Http\\Request))
#30 C:\\Users\\Arih Ghina Wiranti\\Documents\\GitHub\\PSBO---Pendaftaran-Siswa-Baru-SCB\\psboPendaftaran\\vendor\\laravel\\framework\\src\\Illuminate\\Foundation\\Http\\Middleware\\TransformsRequest.php(21): Illuminate\\Pipeline\\Pipeline->Illuminate\\Pipeline\\{closure}(Object(Illuminate\\Http\\Request))
#31 C:\\Users\\Arih Ghina Wiranti\\Documents\\GitHub\\PSBO---Pendaftaran-Siswa-Baru-SCB\\psboPendaftaran\\vendor\\laravel\\framework\\src\\Illuminate\\Pipeline\\Pipeline.php(171): Illuminate\\Foundation\\Http\\Middleware\\TransformsRequest->handle(Object(Illuminate\\Http\\Request), Object(Closure))
#32 C:\\Users\\Arih Ghina Wiranti\\Documents\\GitHub\\PSBO---Pendaftaran-Siswa-Baru-SCB\\psboPendaftaran\\vendor\\laravel\\framework\\src\\Illuminate\\Foundation\\Http\\Middleware\\TransformsRequest.php(21): Illuminate\\Pipeline\\Pipeline->Illuminate\\Pipeline\\{closure}(Object(Illuminate\\Http\\Request))
#33 C:\\Users\\Arih Ghina Wiranti\\Documents\\GitHub\\PSBO---Pendaftaran-Siswa-Baru-SCB\\psboPendaftaran\\vendor\\laravel\\framework\\src\\Illuminate\\Pipeline\\Pipeline.php(171): Illuminate\\Foundation\\Http\\Middleware\\TransformsRequest->handle(Object(Illuminate\\Http\\Request), Object(Closure))
#34 C:\\Users\\Arih Ghina Wiranti\\Documents\\GitHub\\PSBO---Pendaftaran-Siswa-Baru-SCB\\psboPendaftaran\\vendor\\laravel\\framework\\src\\Illuminate\\Foundation\\Http\\Middleware\\ValidatePostSize.php(27): Illuminate\\Pipeline\\Pipeline->Illuminate\\Pipeline\\{closure}(Object(Illuminate\\Http\\Request))
#35 C:\\Users\\Arih Ghina Wiranti\\Documents\\GitHub\\PSBO---Pendaftaran-Siswa-Baru-SCB\\psboPendaftaran\\vendor\\laravel\\framework\\src\\Illuminate\\Pipeline\\Pipeline.php(171): Illuminate\\Foundation\\Http\\Middleware\\ValidatePostSize->handle(Object(Illuminate\\Http\\Request), Object(Closure))
#36 C:\\Users\\Arih Ghina Wiranti\\Documents\\GitHub\\PSBO---Pendaftaran-Siswa-Baru-SCB\\psboPendaftaran\\vendor\\laravel\\framework\\src\\Illuminate\\Foundation\\Http\\Middleware\\CheckForMaintenanceMode.php(63): Illuminate\\Pipeline\\Pipeline->Illuminate\\Pipeline\\{closure}(Object(Illuminate\\Http\\Request))
#37 C:\\Users\\Arih Ghina Wiranti\\Documents\\GitHub\\PSBO---Pendaftaran-Siswa-Baru-SCB\\psboPendaftaran\\vendor\\laravel\\framework\\src\\Illuminate\\Pipeline\\Pipeline.php(171): Illuminate\\Foundation\\Http\\Middleware\\CheckForMaintenanceMode->handle(Object(Illuminate\\Http\\Request), Object(Closure))
#38 C:\\Users\\Arih Ghina Wiranti\\Documents\\GitHub\\PSBO---Pendaftaran-Siswa-Baru-SCB\\psboPendaftaran\\vendor\\fideloper\\proxy\\src\\TrustProxies.php(57): Illuminate\\Pipeline\\Pipeline->Illuminate\\Pipeline\\{closure}(Object(Illuminate\\Http\\Request))
#39 C:\\Users\\Arih Ghina Wiranti\\Documents\\GitHub\\PSBO---Pendaftaran-Siswa-Baru-SCB\\psboPendaftaran\\vendor\\laravel\\framework\\src\\Illuminate\\Pipeline\\Pipeline.php(171): Fideloper\\Proxy\\TrustProxies->handle(Object(Illuminate\\Http\\Request), Object(Closure))
#40 C:\\Users\\Arih Ghina Wiranti\\Documents\\GitHub\\PSBO---Pendaftaran-Siswa-Baru-SCB\\psboPendaftaran\\vendor\\laravel\\framework\\src\\Illuminate\\Pipeline\\Pipeline.php(105): Illuminate\\Pipeline\\Pipeline->Illuminate\\Pipeline\\{closure}(Object(Illuminate\\Http\\Request))
#41 C:\\Users\\Arih Ghina Wiranti\\Documents\\GitHub\\PSBO---Pendaftaran-Siswa-Baru-SCB\\psboPendaftaran\\vendor\\laravel\\framework\\src\\Illuminate\\Foundation\\Http\\Kernel.php(145): Illuminate\\Pipeline\\Pipeline->then(Object(Closure))
#42 C:\\Users\\Arih Ghina Wiranti\\Documents\\GitHub\\PSBO---Pendaftaran-Siswa-Baru-SCB\\psboPendaftaran\\vendor\\laravel\\framework\\src\\Illuminate\\Foundation\\Http\\Kernel.php(110): Illuminate\\Foundation\\Http\\Kernel->sendRequestThroughRouter(Object(Illuminate\\Http\\Request))
#43 C:\\Users\\Arih Ghina Wiranti\\Documents\\GitHub\\PSBO---Pendaftaran-Siswa-Baru-SCB\\psboPendaftaran\\public\\index.php(55): Illuminate\\Foundation\\Http\\Kernel->handle(Object(Illuminate\\Http\\Request))
#44 C:\\Users\\Arih Ghina Wiranti\\Documents\\GitHub\\PSBO---Pendaftaran-Siswa-Baru-SCB\\psboPendaftaran\\server.php(21): require_once('C:\\\\Users\\\\Arih G...')
#45 {main}

[previous exception] [object] (Symfony\\Component\\Debug\\Exception\\FatalThrowableError(code: 0): syntax error, unexpected 'style' (T_STRING), expecting ')' at C:\\Users\\Arih Ghina Wiranti\\Documents\\GitHub\\PSBO---Pendaftaran-Siswa-Baru-SCB\\psboPendaftaran\\storage\\framework\\views\\b23d3e683bacd43336f421f3b15a78610f72ceaa.php:54)
[stacktrace]
#0 C:\\Users\\Arih Ghina Wiranti\\Documents\\GitHub\\PSBO---Pendaftaran-Siswa-Baru-SCB\\psboPendaftaran\\vendor\\laravel\\framework\\src\\Illuminate\\View\\Engines\\CompilerEngine.php(59): Illuminate\\View\\Engines\\PhpEngine->evaluatePath('C:\\\\Users\\\\Arih G...', Array)
#1 C:\\Users\\Arih Ghina Wiranti\\Documents\\GitHub\\PSBO---Pendaftaran-Siswa-Baru-SCB\\psboPendaftaran\\vendor\\facade\\ignition\\src\\Views\\Engines\\CompilerEngine.php(36): Illuminate\\View\\Engines\\CompilerEngine->get('C:\\\\Users\\\\Arih G...', Array)
#2 C:\\Users\\Arih Ghina Wiranti\\Documents\\GitHub\\PSBO---Pendaftaran-Siswa-Baru-SCB\\psboPendaftaran\\vendor\\laravel\\framework\\src\\Illuminate\\View\\View.php(143): Facade\\Ignition\\Views\\Engines\\CompilerEngine->get('C:\\\\Users\\\\Arih G...', Array)
#3 C:\\Users\\Arih Ghina Wiranti\\Documents\\GitHub\\PSBO---Pendaftaran-Siswa-Baru-SCB\\psboPendaftaran\\vendor\\laravel\\framework\\src\\Illuminate\\View\\View.php(126): Illuminate\\View\\View->getContents()
#4 C:\\Users\\Arih Ghina Wiranti\\Documents\\GitHub\\PSBO---Pendaftaran-Siswa-Baru-SCB\\psboPendaftaran\\vendor\\laravel\\framework\\src\\Illuminate\\View\\View.php(91): Illuminate\\View\\View->renderContents()
#5 C:\\Users\\Arih Ghina Wiranti\\Documents\\GitHub\\PSBO---Pendaftaran-Siswa-Baru-SCB\\psboPendaftaran\\vendor\\laravel\\framework\\src\\Illuminate\\Http\\Response.php(42): Illuminate\\View\\View->render()
#6 C:\\Users\\Arih Ghina Wiranti\\Documents\\GitHub\\PSBO---Pendaftaran-Siswa-Baru-SCB\\psboPendaftaran\\vendor\\symfony\\http-foundation\\Response.php(202): Illuminate\\Http\\Response->setContent(Object(Illuminate\\View\\View))
#7 C:\\Users\\Arih Ghina Wiranti\\Documents\\GitHub\\PSBO---Pendaftaran-Siswa-Baru-SCB\\psboPendaftaran\\vendor\\laravel\\framework\\src\\Illuminate\\Routing\\Router.php(749): Symfony\\Component\\HttpFoundation\\Response->__construct(Object(Illuminate\\View\\View), 200, Array)
#8 C:\\Users\\Arih Ghina Wiranti\\Documents\\GitHub\\PSBO---Pendaftaran-Siswa-Baru-SCB\\psboPendaftaran\\vendor\\laravel\\framework\\src\\Illuminate\\Routing\\Router.php(721): Illuminate\\Routing\\Router::toResponse(Object(Illuminate\\Http\\Request), Object(Illuminate\\View\\View))
#9 C:\\Users\\Arih Ghina Wiranti\\Documents\\GitHub\\PSBO---Pendaftaran-Siswa-Baru-SCB\\psboPendaftaran\\vendor\\laravel\\framework\\src\\Illuminate\\Routing\\Router.php(681): Illuminate\\Routing\\Router->prepareResponse(Object(Illuminate\\Http\\Request), Object(Illuminate\\View\\View))
#10 C:\\Users\\Arih Ghina Wiranti\\Documents\\GitHub\\PSBO---Pendaftaran-Siswa-Baru-SCB\\psboPendaftaran\\vendor\\laravel\\framework\\src\\Illuminate\\Pipeline\\Pipeline.php(130): Illuminate\\Routing\\Router->Illuminate\\Routing\\{closure}(Object(Illuminate\\Http\\Request))
#11 C:\\Users\\Arih Ghina Wiranti\\Documents\\GitHub\\PSBO---Pendaftaran-Siswa-Baru-SCB\\psboPendaftaran\\vendor\\laravel\\framework\\src\\Illuminate\\Routing\\Middleware\\SubstituteBindings.php(41): Illuminate\\Pipeline\\Pipeline->Illuminate\\Pipeline\\{closure}(Object(Illuminate\\Http\\Request))
#12 C:\\Users\\Arih Ghina Wiranti\\Documents\\GitHub\\PSBO---Pendaftaran-Siswa-Baru-SCB\\psboPendaftaran\\vendor\\laravel\\framework\\src\\Illuminate\\Pipeline\\Pipeline.php(171): Illuminate\\Routing\\Middleware\\SubstituteBindings->handle(Object(Illuminate\\Http\\Request), Object(Closure))
#13 C:\\Users\\Arih Ghina Wiranti\\Documents\\GitHub\\PSBO---Pendaftaran-Siswa-Baru-SCB\\psboPendaftaran\\vendor\\laravel\\framework\\src\\Illuminate\\Foundation\\Http\\Middleware\\VerifyCsrfToken.php(76): Illuminate\\Pipeline\\Pipeline->Illuminate\\Pipeline\\{closure}(Object(Illuminate\\Http\\Request))
#14 C:\\Users\\Arih Ghina Wiranti\\Documents\\GitHub\\PSBO---Pendaftaran-Siswa-Baru-SCB\\psboPendaftaran\\vendor\\laravel\\framework\\src\\Illuminate\\Pipeline\\Pipeline.php(171): Illuminate\\Foundation\\Http\\Middleware\\VerifyCsrfToken->handle(Object(Illuminate\\Http\\Request), Object(Closure))
#15 C:\\Users\\Arih Ghina Wiranti\\Documents\\GitHub\\PSBO---Pendaftaran-Siswa-Baru-SCB\\psboPendaftaran\\vendor\\laravel\\framework\\src\\Illuminate\\View\\Middleware\\ShareErrorsFromSession.php(49): Illuminate\\Pipeline\\Pipeline->Illuminate\\Pipeline\\{closure}(Object(Illuminate\\Http\\Request))
#16 C:\\Users\\Arih Ghina Wiranti\\Documents\\GitHub\\PSBO---Pendaftaran-Siswa-Baru-SCB\\psboPendaftaran\\vendor\\laravel\\framework\\src\\Illuminate\\Pipeline\\Pipeline.php(171): Illuminate\\View\\Middleware\\ShareErrorsFromSession->handle(Object(Illuminate\\Http\\Request), Object(Closure))
#17 C:\\Users\\Arih Ghina Wiranti\\Documents\\GitHub\\PSBO---Pendaftaran-Siswa-Baru-SCB\\psboPendaftaran\\vendor\\laravel\\framework\\src\\Illuminate\\Session\\Middleware\\StartSession.php(56): Illuminate\\Pipeline\\Pipeline->Illuminate\\Pipeline\\{closure}(Object(Illuminate\\Http\\Request))
#18 C:\\Users\\Arih Ghina Wiranti\\Documents\\GitHub\\PSBO---Pendaftaran-Siswa-Baru-SCB\\psboPendaftaran\\vendor\\laravel\\framework\\src\\Illuminate\\Pipeline\\Pipeline.php(171): Illuminate\\Session\\Middleware\\StartSession->handle(Object(Illuminate\\Http\\Request), Object(Closure))
#19 C:\\Users\\Arih Ghina Wiranti\\Documents\\GitHub\\PSBO---Pendaftaran-Siswa-Baru-SCB\\psboPendaftaran\\vendor\\laravel\\framework\\src\\Illuminate\\Cookie\\Middleware\\AddQueuedCookiesToResponse.php(37): Illuminate\\Pipeline\\Pipeline->Illuminate\\Pipeline\\{closure}(Object(Illuminate\\Http\\Request))
#20 C:\\Users\\Arih Ghina Wiranti\\Documents\\GitHub\\PSBO---Pendaftaran-Siswa-Baru-SCB\\psboPendaftaran\\vendor\\laravel\\framework\\src\\Illuminate\\Pipeline\\Pipeline.php(171): Illuminate\\Cookie\\Middleware\\AddQueuedCookiesToResponse->handle(Object(Illuminate\\Http\\Request), Object(Closure))
#21 C:\\Users\\Arih Ghina Wiranti\\Documents\\GitHub\\PSBO---Pendaftaran-Siswa-Baru-SCB\\psboPendaftaran\\vendor\\laravel\\framework\\src\\Illuminate\\Cookie\\Middleware\\EncryptCookies.php(66): Illuminate\\Pipeline\\Pipeline->Illuminate\\Pipeline\\{closure}(Object(Illuminate\\Http\\Request))
#22 C:\\Users\\Arih Ghina Wiranti\\Documents\\GitHub\\PSBO---Pendaftaran-Siswa-Baru-SCB\\psboPendaftaran\\vendor\\laravel\\framework\\src\\Illuminate\\Pipeline\\Pipeline.php(171): Illuminate\\Cookie\\Middleware\\EncryptCookies->handle(Object(Illuminate\\Http\\Request), Object(Closure))
#23 C:\\Users\\Arih Ghina Wiranti\\Documents\\GitHub\\PSBO---Pendaftaran-Siswa-Baru-SCB\\psboPendaftaran\\vendor\\laravel\\framework\\src\\Illuminate\\Pipeline\\Pipeline.php(105): Illuminate\\Pipeline\\Pipeline->Illuminate\\Pipeline\\{closure}(Object(Illuminate\\Http\\Request))
#24 C:\\Users\\Arih Ghina Wiranti\\Documents\\GitHub\\PSBO---Pendaftaran-Siswa-Baru-SCB\\psboPendaftaran\\vendor\\laravel\\framework\\src\\Illuminate\\Routing\\Router.php(683): Illuminate\\Pipeline\\Pipeline->then(Object(Closure))
#25 C:\\Users\\Arih Ghina Wiranti\\Documents\\GitHub\\PSBO---Pendaftaran-Siswa-Baru-SCB\\psboPendaftaran\\vendor\\laravel\\framework\\src\\Illuminate\\Routing\\Router.php(658): Illuminate\\Routing\\Router->runRouteWithinStack(Object(Illuminate\\Routing\\Route), Object(Illuminate\\Http\\Request))
#26 C:\\Users\\Arih Ghina Wiranti\\Documents\\GitHub\\PSBO---Pendaftaran-Siswa-Baru-SCB\\psboPendaftaran\\vendor\\laravel\\framework\\src\\Illuminate\\Routing\\Router.php(624): Illuminate\\Routing\\Router->runRoute(Object(Illuminate\\Http\\Request), Object(Illuminate\\Routing\\Route))
#27 C:\\Users\\Arih Ghina Wiranti\\Documents\\GitHub\\PSBO---Pendaftaran-Siswa-Baru-SCB\\psboPendaftaran\\vendor\\laravel\\framework\\src\\Illuminate\\Routing\\Router.php(613): Illuminate\\Routing\\Router->dispatchToRoute(Object(Illuminate\\Http\\Request))
#28 C:\\Users\\Arih Ghina Wiranti\\Documents\\GitHub\\PSBO---Pendaftaran-Siswa-Baru-SCB\\psboPendaftaran\\vendor\\laravel\\framework\\src\\Illuminate\\Foundation\\Http\\Kernel.php(170): Illuminate\\Routing\\Router->dispatch(Object(Illuminate\\Http\\Request))
#29 C:\\Users\\Arih Ghina Wiranti\\Documents\\GitHub\\PSBO---Pendaftaran-Siswa-Baru-SCB\\psboPendaftaran\\vendor\\laravel\\framework\\src\\Illuminate\\Pipeline\\Pipeline.php(130): Illuminate\\Foundation\\Http\\Kernel->Illuminate\\Foundation\\Http\\{closure}(Object(Illuminate\\Http\\Request))
#30 C:\\Users\\Arih Ghina Wiranti\\Documents\\GitHub\\PSBO---Pendaftaran-Siswa-Baru-SCB\\psboPendaftaran\\vendor\\laravel\\framework\\src\\Illuminate\\Foundation\\Http\\Middleware\\TransformsRequest.php(21): Illuminate\\Pipeline\\Pipeline->Illuminate\\Pipeline\\{closure}(Object(Illuminate\\Http\\Request))
#31 C:\\Users\\Arih Ghina Wiranti\\Documents\\GitHub\\PSBO---Pendaftaran-Siswa-Baru-SCB\\psboPendaftaran\\vendor\\laravel\\framework\\src\\Illuminate\\Pipeline\\Pipeline.php(171): Illuminate\\Foundation\\Http\\Middleware\\TransformsRequest->handle(Object(Illuminate\\Http\\Request), Object(Closure))
#32 C:\\Users\\Arih Ghina Wiranti\\Documents\\GitHub\\PSBO---Pendaftaran-Siswa-Baru-SCB\\psboPendaftaran\\vendor\\laravel\\framework\\src\\Illuminate\\Foundation\\Http\\Middleware\\TransformsRequest.php(21): Illuminate\\Pipeline\\Pipeline->Illuminate\\Pipeline\\{closure}(Object(Illuminate\\Http\\Request))
#33 C:\\Users\\Arih Ghina Wiranti\\Documents\\GitHub\\PSBO---Pendaftaran-Siswa-Baru-SCB\\psboPendaftaran\\vendor\\laravel\\framework\\src\\Illuminate\\Pipeline\\Pipeline.php(171): Illuminate\\Foundation\\Http\\Middleware\\TransformsRequest->handle(Object(Illuminate\\Http\\Request), Object(Closure))
#34 C:\\Users\\Arih Ghina Wiranti\\Documents\\GitHub\\PSBO---Pendaftaran-Siswa-Baru-SCB\\psboPendaftaran\\vendor\\laravel\\framework\\src\\Illuminate\\Foundation\\Http\\Middleware\\ValidatePostSize.php(27): Illuminate\\Pipeline\\Pipeline->Illuminate\\Pipeline\\{closure}(Object(Illuminate\\Http\\Request))
#35 C:\\Users\\Arih Ghina Wiranti\\Documents\\GitHub\\PSBO---Pendaftaran-Siswa-Baru-SCB\\psboPendaftaran\\vendor\\laravel\\framework\\src\\Illuminate\\Pipeline\\Pipeline.php(171): Illuminate\\Foundation\\Http\\Middleware\\ValidatePostSize->handle(Object(Illuminate\\Http\\Request), Object(Closure))
#36 C:\\Users\\Arih Ghina Wiranti\\Documents\\GitHub\\PSBO---Pendaftaran-Siswa-Baru-SCB\\psboPendaftaran\\vendor\\laravel\\framework\\src\\Illuminate\\Foundation\\Http\\Middleware\\CheckForMaintenanceMode.php(63): Illuminate\\Pipeline\\Pipeline->Illuminate\\Pipeline\\{closure}(Object(Illuminate\\Http\\Request))
#37 C:\\Users\\Arih Ghina Wiranti\\Documents\\GitHub\\PSBO---Pendaftaran-Siswa-Baru-SCB\\psboPendaftaran\\vendor\\laravel\\framework\\src\\Illuminate\\Pipeline\\Pipeline.php(171): Illuminate\\Foundation\\Http\\Middleware\\CheckForMaintenanceMode->handle(Object(Illuminate\\Http\\Request), Object(Closure))
#38 C:\\Users\\Arih Ghina Wiranti\\Documents\\GitHub\\PSBO---Pendaftaran-Siswa-Baru-SCB\\psboPendaftaran\\vendor\\fideloper\\proxy\\src\\TrustProxies.php(57): Illuminate\\Pipeline\\Pipeline->Illuminate\\Pipeline\\{closure}(Object(Illuminate\\Http\\Request))
#39 C:\\Users\\Arih Ghina Wiranti\\Documents\\GitHub\\PSBO---Pendaftaran-Siswa-Baru-SCB\\psboPendaftaran\\vendor\\laravel\\framework\\src\\Illuminate\\Pipeline\\Pipeline.php(171): Fideloper\\Proxy\\TrustProxies->handle(Object(Illuminate\\Http\\Request), Object(Closure))
#40 C:\\Users\\Arih Ghina Wiranti\\Documents\\GitHub\\PSBO---Pendaftaran-Siswa-Baru-SCB\\psboPendaftaran\\vendor\\laravel\\framework\\src\\Illuminate\\Pipeline\\Pipeline.php(105): Illuminate\\Pipeline\\Pipeline->Illuminate\\Pipeline\\{closure}(Object(Illuminate\\Http\\Request))
#41 C:\\Users\\Arih Ghina Wiranti\\Documents\\GitHub\\PSBO---Pendaftaran-Siswa-Baru-SCB\\psboPendaftaran\\vendor\\laravel\\framework\\src\\Illuminate\\Foundation\\Http\\Kernel.php(145): Illuminate\\Pipeline\\Pipeline->then(Object(Closure))
#42 C:\\Users\\Arih Ghina Wiranti\\Documents\\GitHub\\PSBO---Pendaftaran-Siswa-Baru-SCB\\psboPendaftaran\\vendor\\laravel\\framework\\src\\Illuminate\\Foundation\\Http\\Kernel.php(110): Illuminate\\Foundation\\Http\\Kernel->sendRequestThroughRouter(Object(Illuminate\\Http\\Request))
#43 C:\\Users\\Arih Ghina Wiranti\\Documents\\GitHub\\PSBO---Pendaftaran-Siswa-Baru-SCB\\psboPendaftaran\\public\\index.php(55): Illuminate\\Foundation\\Http\\Kernel->handle(Object(Illuminate\\Http\\Request))
#44 C:\\Users\\Arih Ghina Wiranti\\Documents\\GitHub\\PSBO---Pendaftaran-Siswa-Baru-SCB\\psboPendaftaran\\server.php(21): require_once('C:\\\\Users\\\\Arih G...')
#45 {main}
"} 
